#
# A fatal error has been detected by the Java Runtime Environment:
#
#  SIGSEGV (0xb) at pc=0x00007fff93f030dd, pid=2739, tid=1811
#
# JRE version: Java(TM) SE Runtime Environment (8.0_60-b27) (build 1.8.0_60-b27)
# Java VM: Java HotSpot(TM) 64-Bit Server VM (25.60-b23 mixed mode bsd-amd64 compressed oops)
# Problematic frame:
# C  [libobjc.A.dylib+0x10dd]  objc_msgSend+0x1d
#
# Failed to write core dump. Core dumps have been disabled. To enable core dumping, try "ulimit -c unlimited" before starting Java again
#
# If you would like to submit a bug report, please visit:
#   http://bugreport.java.com/bugreport/crash.jsp
# The crash happened outside the Java Virtual Machine in native code.
# See problematic frame for where to report the bug.
#

---------------  T H R E A D  ---------------

Current thread (0x00007fd7190dd000):  JavaThread "AWT-AppKit" daemon [_thread_in_native, id=1811, stack(0x00007fff5750b000,0x00007fff57d0b000)]

siginfo: si_signo: 11 (SIGSEGV), si_code: 1 (SEGV_MAPERR), si_addr: 0x000007fd71dc2ac0

Registers:
RAX=0x00007fd71d8953d0, RBX=0x0000000173a9c450, RCX=0x000000017456ec40, RDX=0x0000000124c45520
RSP=0x00007fff57d06408, RBP=0x00007fff57d064c0, RSI=0x00007fff8c81240f, RDI=0x00007fd71b68a050
R8 =0x0000000000000000, R9 =0x0000000000000f50, R10=0x00007fff8c81240f, R11=0x000007fd71dc2aa8
R12=0x0000000000000000, R13=0x000000017864d810, R14=0x0000000173a9c440, R15=0x00007fd7190dd000
RIP=0x00007fff93f030dd, EFLAGS=0x0000000000010202, ERR=0x0000000000000004
  TRAPNO=0x000000000000000e

Top of Stack: (sp=0x00007fff57d06408)
0x00007fff57d06408:   0000000173a9a157 00007fff57d06460
0x00007fff57d06418:   0000000000000003 00007fff57d06440
0x00007fff57d06428:   0000000108a04992 000000017864d810
0x00007fff57d06438:   000000017864d810 00007fd71d8953d0
0x00007fff57d06448:   0000000173a9c6a0 0000000173a9c710
0x00007fff57d06458:   00007fff767ba550 00007fff74d4ac80
0x00007fff57d06468:   0000000173a9c450 0000000173a9c690
0x00007fff57d06478:   00007fd71d8953d0 00007fd71b68a050
0x00007fff57d06488:   00007fd718e1f8f0 00007fd71d8953d0
0x00007fff57d06498:   00007fd71b68a050 00007fff57d06548
0x00007fff57d064a8:   00007fd7190dd1f8 000000017864d810
0x00007fff57d064b8:   00007fff57d06570 00007fff57d06538
0x00007fff57d064c8:   0000000109908954 000000017864d810
0x00007fff57d064d8:   00007fff57d06570 00007fff57d06538
0x00007fff57d064e8:   00000001099086e7 00000001099086a2
0x00007fff57d064f8:   00007fff57d064f8 000000017864d810
0x00007fff57d06508:   00007fff57d06570 00000001786704b0
0x00007fff57d06518:   0000000000000000 000000017864d810
0x00007fff57d06528:   0000000000000000 00007fff57d06558
0x00007fff57d06538:   00007fff57d065b8 00000001098fac4d
0x00007fff57d06548:   0000000740bcf1a8 0000000109902578
0x00007fff57d06558:   00007fd71d8953d0 00007fff57d065b8
0x00007fff57d06568:   00007fd71b68a050 0000000109903d82
0x00007fff57d06578:   00007fff57d06578 000000017864d9da
0x00007fff57d06588:   00007fff57d065e0 00000001786704b0
0x00007fff57d06598:   0000000000000000 000000017864d9e8
0x00007fff57d065a8:   00007fff57d06558 00007fff57d065c8
0x00007fff57d065b8:   00007fff57d06628 00000001098fac4d
0x00007fff57d065c8:   00007fd71d8953d0 0000000740eb0290
0x00007fff57d065d8:   00007fd71b68a050 0000000740eb0290
0x00007fff57d065e8:   00007fff57d065e8 000000017cd9899e
0x00007fff57d065f8:   00007fff57d06638 000000017cd98a58 

Instructions: (pc=0x00007fff93f030dd)
0x00007fff93f030bd:   00 00 00 48 85 ff 2e 74 7a 40 f6 c7 01 2e 75 7e
0x00007fff93f030cd:   49 bb f8 ff ff ff ff 7f 00 00 4c 23 1f 49 89 f2
0x00007fff93f030dd:   45 23 53 18 49 c1 e2 04 4d 03 53 10 49 3b 32 75
0x00007fff93f030ed:   04 41 ff 62 08 49 83 3a 00 74 6a 4d 3b 53 10 74 

Register to memory mapping:

RAX=0x00007fd71d8953d0 is an unknown value
RBX=0x0000000173a9c450: Java_jogamp_nativewindow_macosx_OSXUtil_GetScreenRefreshRate0+0x1cf0 in /private/var/folders/8w/5wpjvrhj4jndmvcbfwkzrjlc0000gn/T/jogamp_0000/file_cache/jln7728681687645777955/jln4533045353468935683/libnativewindow_macosx.jnilib at 0x0000000173a95000
RCX=0x000000017456ec40 is an unknown value
RDX=0x0000000124c45520 is an unknown value
RSP=0x00007fff57d06408 is pointing into the stack for thread: 0x00007fd7190dd000
RBP=0x00007fff57d064c0 is pointing into the stack for thread: 0x00007fd7190dd000
RSI=0x00007fff8c81240f is an unknown value
RDI=0x00007fd71b68a050 is an unknown value
R8 =0x0000000000000000 is an unknown value
R9 =0x0000000000000f50 is an unknown value
R10=0x00007fff8c81240f is an unknown value
R11=0x000007fd71dc2aa8 is an unknown value
R12=0x0000000000000000 is an unknown value
R13={method} {0x000000017864d810} 'UnsetJAWTRootSurfaceLayer0' '(JJ)V' in 'jogamp/nativewindow/jawt/macosx/MacOSXJAWTWindow'
R14=0x0000000173a9c440: Java_jogamp_nativewindow_macosx_OSXUtil_GetScreenRefreshRate0+0x1ce0 in /private/var/folders/8w/5wpjvrhj4jndmvcbfwkzrjlc0000gn/T/jogamp_0000/file_cache/jln7728681687645777955/jln4533045353468935683/libnativewindow_macosx.jnilib at 0x0000000173a95000
R15=0x00007fd7190dd000 is a thread


Stack: [0x00007fff5750b000,0x00007fff57d0b000],  sp=0x00007fff57d06408,  free space=8173k
Native frames: (J=compiled Java code, j=interpreted, Vv=VM code, C=native code)
C  [libobjc.A.dylib+0x10dd]  objc_msgSend+0x1d
j  jogamp.nativewindow.jawt.macosx.MacOSXJAWTWindow.UnsetJAWTRootSurfaceLayer0(JJ)V+0
j  jogamp.nativewindow.jawt.macosx.MacOSXJAWTWindow.access$200(JJ)V+2
j  jogamp.nativewindow.jawt.macosx.MacOSXJAWTWindow$1.run()V+38
J 2380 C1 com.jogamp.common.util.RunnableTask.run()V (345 bytes) @ 0x000000010a03f954 [0x000000010a03f7c0+0x194]
v  ~StubRoutines::call_stub
V  [libjvm.dylib+0x2eab0e]
V  [libjvm.dylib+0x321bb7]
V  [libjvm.dylib+0x31438b]
C  [libnativewindow_macosx.jnilib+0x5326]  Java_jogamp_nativewindow_jawt_macosx_MacOSXJAWTWindow_UnsetJAWTRootSurfaceLayer0+0x2b6
C  [Foundation+0x92dd0]  __NSThreadPerformPerform+0x125
C  [CoreFoundation+0x80a01]  __CFRUNLOOP_IS_CALLING_OUT_TO_A_SOURCE0_PERFORM_FUNCTION__+0x11
C  [CoreFoundation+0x72c5c]  __CFRunLoopDoSources0+0x1dc
C  [CoreFoundation+0x721bf]  __CFRunLoopRun+0x39f
C  [CoreFoundation+0x71bd8]  CFRunLoopRunSpecific+0x128
C  [HIToolbox+0x3256f]  RunCurrentEventLoopInMode+0xeb
C  [HIToolbox+0x321ee]  ReceiveNextEventCommon+0xb3
C  [HIToolbox+0x3212b]  _BlockUntilNextEventMatchingListInModeWithFilter+0x47
C  [AppKit+0x918ab]  _DPSNextEvent+0x3d2
C  [AppKit+0x90e58]  -[NSApplication nextEventMatchingMask:untilDate:inMode:dequeue:]+0x15a
C  [libosxapp.dylib+0x23aa]  -[NSApplicationAWT nextEventMatchingMask:untilDate:inMode:dequeue:]+0x7c
C  [AppKit+0x86af3]  -[NSApplication run]+0x252
C  [libosxapp.dylib+0x214d]  +[NSApplicationAWT runAWTLoopWithApp:]+0x9c
C  [libawt_lwawt.dylib+0x44517]  -[AWTStarter starter:]+0x389
C  [Foundation+0x92dd0]  __NSThreadPerformPerform+0x125
C  [CoreFoundation+0x80a01]  __CFRUNLOOP_IS_CALLING_OUT_TO_A_SOURCE0_PERFORM_FUNCTION__+0x11
C  [CoreFoundation+0x72b8d]  __CFRunLoopDoSources0+0x10d
C  [CoreFoundation+0x721bf]  __CFRunLoopRun+0x39f
C  [CoreFoundation+0x71bd8]  CFRunLoopRunSpecific+0x128
C  [java+0x6463]  CreateExecutionEnvironment+0x367
C  [java+0x21ac]  JLI_Launch+0x7a0
C  [java+0x84c0]  main+0x65
C  [java+0x1a04]  start+0x34
C  0x0000000000000007

Java frames: (J=compiled Java code, j=interpreted, Vv=VM code)
j  jogamp.nativewindow.jawt.macosx.MacOSXJAWTWindow.UnsetJAWTRootSurfaceLayer0(JJ)V+0
j  jogamp.nativewindow.jawt.macosx.MacOSXJAWTWindow.access$200(JJ)V+2
j  jogamp.nativewindow.jawt.macosx.MacOSXJAWTWindow$1.run()V+38
J 2380 C1 com.jogamp.common.util.RunnableTask.run()V (345 bytes) @ 0x000000010a03f954 [0x000000010a03f7c0+0x194]
v  ~StubRoutines::call_stub

---------------  P R O C E S S  ---------------

Java Threads: ( => current thread )
  0x00007fd71a065000 JavaThread "Thread-172" [_thread_blocked, id=66735, stack(0x000000018131e000,0x000000018141e000)]
  0x00007fd719834000 JavaThread "Image Fetcher 3" daemon [_thread_blocked, id=36115, stack(0x0000000183f63000,0x0000000184063000)]
  0x00007fd719833000 JavaThread "Image Fetcher 2" daemon [_thread_blocked, id=34883, stack(0x0000000183e60000,0x0000000183f60000)]
  0x00007fd71a061800 JavaThread "Image Fetcher 1" daemon [_thread_blocked, id=25371, stack(0x0000000183941000,0x0000000183a41000)]
  0x00007fd7198d8800 JavaThread "Image Fetcher 0" daemon [_thread_blocked, id=24283, stack(0x00000001837d6000,0x00000001838d6000)]
  0x00007fd71e82f800 JavaThread "Keep-Alive-Timer" daemon [_thread_blocked, id=67447, stack(0x000000017cbcb000,0x000000017cccb000)]
  0x00007fd719430800 JavaThread "AWT-EventQueue-1" [_thread_in_native, id=60967, stack(0x000000017446c000,0x000000017456c000)]
  0x00007fd71900e000 JavaThread "DestroyJavaVM" [_thread_blocked, id=4867, stack(0x000000010979d000,0x000000010989d000)]
  0x00007fd7192e7000 JavaThread "AWT-EventQueue-0" [_thread_blocked, id=53763, stack(0x000000012814c000,0x000000012824c000)]
  0x00007fd71a968000 JavaThread "Java2D Disposer" daemon [_thread_blocked, id=50711, stack(0x0000000126ec7000,0x0000000126fc7000)]
  0x00007fd71924e800 JavaThread "Java2D Queue Flusher" daemon [_thread_blocked, id=49415, stack(0x0000000125ef2000,0x0000000125ff2000)]
  0x00007fd7190df800 JavaThread "AWT-Shutdown" [_thread_blocked, id=27923, stack(0x0000000123089000,0x0000000123189000)]
=>0x00007fd7190dd000 JavaThread "AWT-AppKit" daemon [_thread_in_native, id=1811, stack(0x00007fff5750b000,0x00007fff57d0b000)]
  0x00007fd71a834800 JavaThread "Service Thread" daemon [_thread_blocked, id=18179, stack(0x0000000121690000,0x0000000121790000)]
  0x00007fd71905e800 JavaThread "C1 CompilerThread2" daemon [_thread_blocked, id=17667, stack(0x000000012158d000,0x000000012168d000)]
  0x00007fd71a829000 JavaThread "C2 CompilerThread1" daemon [_thread_in_native, id=17155, stack(0x000000012148a000,0x000000012158a000)]
  0x00007fd719800800 JavaThread "C2 CompilerThread0" daemon [_thread_blocked, id=16643, stack(0x0000000121387000,0x0000000121487000)]
  0x00007fd71a826800 JavaThread "Signal Dispatcher" daemon [_thread_blocked, id=13331, stack(0x0000000121284000,0x0000000121384000)]
  0x00007fd719047000 JavaThread "Finalizer" daemon [_thread_blocked, id=11523, stack(0x000000011f868000,0x000000011f968000)]
  0x00007fd719046000 JavaThread "Reference Handler" daemon [_thread_blocked, id=11011, stack(0x000000011f765000,0x000000011f865000)]

Other Threads:
  0x00007fd719043800 VMThread [stack: 0x000000011f662000,0x000000011f762000] [id=10499]
  0x00007fd71901c800 WatcherThread [stack: 0x0000000121793000,0x0000000121893000] [id=18691]

VM state:not at safepoint (normal execution)

VM Mutex/Monitor currently owned by a thread: None

Heap:
 PSYoungGen      total 57856K, used 40602K [0x0000000795580000, 0x000000079b180000, 0x00000007c0000000)
  eden space 40960K, 99% used [0x0000000795580000,0x0000000797d26808,0x0000000797d80000)
  from space 16896K, 0% used [0x0000000797d80000,0x0000000797d80000,0x0000000798e00000)
  to   space 17408K, 0% used [0x000000079a080000,0x000000079a080000,0x000000079b180000)
 ParOldGen       total 107008K, used 51922K [0x0000000740000000, 0x0000000746880000, 0x0000000795580000)
  object space 107008K, 48% used [0x0000000740000000,0x00000007432b49a8,0x0000000746880000)
 Metaspace       used 21419K, capacity 21599K, committed 21808K, reserved 1069056K
  class space    used 2043K, capacity 2112K, committed 2176K, reserved 1048576K

Card table byte_map: [0x0000000118cb3000,0x00000001190b4000] byte_map_base: 0x00000001152b3000

Marking Bits: (ParMarkBitMap*) 0x00000001090f1e20
 Begin Bits: [0x000000011976b000, 0x000000011b76b000)
 End Bits:   [0x000000011b76b000, 0x000000011d76b000)

Polling page: 0x0000000107ff8000

CodeCache: size=245760Kb used=10019Kb max_used=10019Kb free=235740Kb
 bounds [0x00000001098f3000, 0x000000010a2d3000, 0x00000001188f3000]
 total_blobs=3702 nmethods=2807 adapters=808
 compilation: enabled

Compilation events (10 events):
Event: 30.835 Thread 0x00007fd71905e800 nmethod 3288 0x0000000109fad0d0 code [0x0000000109fad3c0, 0x0000000109faeac8]
Event: 30.839 Thread 0x00007fd71a829000 nmethod 3287 0x000000010a2c3810 code [0x000000010a2c3980, 0x000000010a2c40f8]
Event: 30.841 Thread 0x00007fd71905e800 3290       3       sun.net.www.protocol.jar.Handler::indexOfBangSlash (52 bytes)
Event: 30.841 Thread 0x00007fd71905e800 nmethod 3290 0x000000010a2c4f90 code [0x000000010a2c5140, 0x000000010a2c5858]
Event: 30.841 Thread 0x00007fd71905e800 3289       3       sun.net.www.protocol.jar.Handler::parseContextSpec (154 bytes)
Event: 30.843 Thread 0x00007fd71905e800 nmethod 3289 0x000000010a2c5b10 code [0x000000010a2c5f00, 0x000000010a2c85e8]
Event: 30.845 Thread 0x00007fd71905e800 3292       3       java.net.URLStreamHandler::setURL (159 bytes)
Event: 30.845 Thread 0x00007fd71a829000 3293       4       sun.awt.SunToolkit::flushPendingEvents (19 bytes)
Event: 30.847 Thread 0x00007fd71905e800 nmethod 3292 0x0000000109fc1d50 code [0x0000000109fc1fe0, 0x0000000109fc3348]
Event: 30.847 Thread 0x00007fd71905e800 3291       3       sun.net.www.ParseUtil::canonizeString (195 bytes)

GC Heap History (10 events):
Event: 22.959 GC heap before
{Heap before GC invocations=13 (full 1):
 PSYoungGen      total 41984K, used 41891K [0x0000000795580000, 0x0000000798d80000, 0x00000007c0000000)
  eden space 29696K, 99% used [0x0000000795580000,0x0000000797270b50,0x0000000797280000)
  from space 12288K, 99% used [0x0000000797300000,0x0000000797ef8320,0x0000000797f00000)
  to   space 13824K, 0% used [0x0000000798000000,0x0000000798000000,0x0000000798d80000)
 ParOldGen       total 57856K, used 22746K [0x0000000740000000, 0x0000000743880000, 0x0000000795580000)
  object space 57856K, 39% used [0x0000000740000000,0x0000000741636bf0,0x0000000743880000)
 Metaspace       used 21299K, capacity 21535K, committed 21808K, reserved 1069056K
  class space    used 2036K, capacity 2112K, committed 2176K, reserved 1048576K
Event: 22.971 GC heap after
Heap after GC invocations=13 (full 1):
 PSYoungGen      total 41984K, used 13712K [0x0000000795580000, 0x0000000799e00000, 0x00000007c0000000)
  eden space 28160K, 0% used [0x0000000795580000,0x0000000795580000,0x0000000797100000)
  from space 13824K, 99% used [0x0000000798000000,0x0000000798d64370,0x0000000798d80000)
  to   space 15360K, 0% used [0x0000000797100000,0x0000000797100000,0x0000000798000000)
 ParOldGen       total 57856K, used 27867K [0x0000000740000000, 0x0000000743880000, 0x0000000795580000)
  object space 57856K, 48% used [0x0000000740000000,0x0000000741b36d30,0x0000000743880000)
 Metaspace       used 21299K, capacity 21535K, committed 21808K, reserved 1069056K
  class space    used 2036K, capacity 2112K, committed 2176K, reserved 1048576K
}
Event: 23.296 GC heap before
{Heap before GC invocations=14 (full 1):
 PSYoungGen      total 41984K, used 41872K [0x0000000795580000, 0x0000000799e00000, 0x00000007c0000000)
  eden space 28160K, 100% used [0x0000000795580000,0x0000000797100000,0x0000000797100000)
  from space 13824K, 99% used [0x0000000798000000,0x0000000798d64370,0x0000000798d80000)
  to   space 15360K, 0% used [0x0000000797100000,0x0000000797100000,0x0000000798000000)
 ParOldGen       total 57856K, used 27867K [0x0000000740000000, 0x0000000743880000, 0x0000000795580000)
  object space 57856K, 48% used [0x0000000740000000,0x0000000741b36d30,0x0000000743880000)
 Metaspace       used 21360K, capacity 21599K, committed 21808K, reserved 1069056K
  class space    used 2036K, capacity 2112K, committed 2176K, reserved 1048576K
Event: 23.301 GC heap after
Heap after GC invocations=14 (full 1):
 PSYoungGen      total 43520K, used 13536K [0x0000000795580000, 0x0000000799e00000, 0x00000007c0000000)
  eden space 28160K, 0% used [0x0000000795580000,0x0000000795580000,0x0000000797100000)
  from space 15360K, 88% used [0x0000000797100000,0x0000000797e38340,0x0000000798000000)
  to   space 16384K, 0% used [0x0000000798e00000,0x0000000798e00000,0x0000000799e00000)
 ParOldGen       total 57856K, used 34459K [0x0000000740000000, 0x0000000743880000, 0x0000000795580000)
  object space 57856K, 59% used [0x0000000740000000,0x00000007421a6f80,0x0000000743880000)
 Metaspace       used 21360K, capacity 21599K, committed 21808K, reserved 1069056K
  class space    used 2036K, capacity 2112K, committed 2176K, reserved 1048576K
}
Event: 24.260 GC heap before
{Heap before GC invocations=15 (full 1):
 PSYoungGen      total 43520K, used 41696K [0x0000000795580000, 0x0000000799e00000, 0x00000007c0000000)
  eden space 28160K, 100% used [0x0000000795580000,0x0000000797100000,0x0000000797100000)
  from space 15360K, 88% used [0x0000000797100000,0x0000000797e38340,0x0000000798000000)
  to   space 16384K, 0% used [0x0000000798e00000,0x0000000798e00000,0x0000000799e00000)
 ParOldGen       total 57856K, used 34459K [0x0000000740000000, 0x0000000743880000, 0x0000000795580000)
  object space 57856K, 59% used [0x0000000740000000,0x00000007421a6f80,0x0000000743880000)
 Metaspace       used 21371K, capacity 21599K, committed 21808K, reserved 1069056K
  class space    used 2036K, capacity 2112K, committed 2176K, reserved 1048576K
Event: 24.272 GC heap after
Heap after GC invocations=15 (full 1):
 PSYoungGen      total 57344K, used 11424K [0x0000000795580000, 0x0000000799f00000, 0x00000007c0000000)
  eden space 40960K, 0% used [0x0000000795580000,0x0000000795580000,0x0000000797d80000)
  from space 16384K, 69% used [0x0000000798e00000,0x00000007999282c0,0x0000000799e00000)
  to   space 16896K, 0% used [0x0000000797d80000,0x0000000797d80000,0x0000000798e00000)
 ParOldGen       total 57856K, used 40936K [0x0000000740000000, 0x0000000743880000, 0x0000000795580000)
  object space 57856K, 70% used [0x0000000740000000,0x00000007427fa120,0x0000000743880000)
 Metaspace       used 21371K, capacity 21599K, committed 21808K, reserved 1069056K
  class space    used 2036K, capacity 2112K, committed 2176K, reserved 1048576K
}
Event: 28.225 GC heap before
{Heap before GC invocations=16 (full 1):
 PSYoungGen      total 57344K, used 52384K [0x0000000795580000, 0x0000000799f00000, 0x00000007c0000000)
  eden space 40960K, 100% used [0x0000000795580000,0x0000000797d80000,0x0000000797d80000)
  from space 16384K, 69% used [0x0000000798e00000,0x00000007999282c0,0x0000000799e00000)
  to   space 16896K, 0% used [0x0000000797d80000,0x0000000797d80000,0x0000000798e00000)
 ParOldGen       total 57856K, used 40936K [0x0000000740000000, 0x0000000743880000, 0x0000000795580000)
  object space 57856K, 70% used [0x0000000740000000,0x00000007427fa120,0x0000000743880000)
 Metaspace       used 21375K, capacity 21599K, committed 21808K, reserved 1069056K
  class space    used 2036K, capacity 2112K, committed 2176K, reserved 1048576K
Event: 28.234 GC heap after
Heap after GC invocations=16 (full 1):
 PSYoungGen      total 57856K, used 128K [0x0000000795580000, 0x000000079b180000, 0x00000007c0000000)
  eden space 40960K, 0% used [0x0000000795580000,0x0000000795580000,0x0000000797d80000)
  from space 16896K, 0% used [0x0000000797d80000,0x0000000797da0000,0x0000000798e00000)
  to   space 17408K, 0% used [0x000000079a080000,0x000000079a080000,0x000000079b180000)
 ParOldGen       total 57856K, used 52248K [0x0000000740000000, 0x0000000743880000, 0x0000000795580000)
  object space 57856K, 90% used [0x0000000740000000,0x00000007433063e0,0x0000000743880000)
 Metaspace       used 21375K, capacity 21599K, committed 21808K, reserved 1069056K
  class space    used 2036K, capacity 2112K, committed 2176K, reserved 1048576K
}
Event: 28.234 GC heap before
{Heap before GC invocations=17 (full 2):
 PSYoungGen      total 57856K, used 128K [0x0000000795580000, 0x000000079b180000, 0x00000007c0000000)
  eden space 40960K, 0% used [0x0000000795580000,0x0000000795580000,0x0000000797d80000)
  from space 16896K, 0% used [0x0000000797d80000,0x0000000797da0000,0x0000000798e00000)
  to   space 17408K, 0% used [0x000000079a080000,0x000000079a080000,0x000000079b180000)
 ParOldGen       total 57856K, used 52248K [0x0000000740000000, 0x0000000743880000, 0x0000000795580000)
  object space 57856K, 90% used [0x0000000740000000,0x00000007433063e0,0x0000000743880000)
 Metaspace       used 21375K, capacity 21599K, committed 21808K, reserved 1069056K
  class space    used 2036K, capacity 2112K, committed 2176K, reserved 1048576K
Event: 28.313 GC heap after
Heap after GC invocations=17 (full 2):
 PSYoungGen      total 57856K, used 0K [0x0000000795580000, 0x000000079b180000, 0x00000007c0000000)
  eden space 40960K, 0% used [0x0000000795580000,0x0000000795580000,0x0000000797d80000)
  from space 16896K, 0% used [0x0000000797d80000,0x0000000797d80000,0x0000000798e00000)
  to   space 17408K, 0% used [0x000000079a080000,0x000000079a080000,0x000000079b180000)
 ParOldGen       total 107008K, used 51922K [0x0000000740000000, 0x0000000746880000, 0x0000000795580000)
  object space 107008K, 48% used [0x0000000740000000,0x00000007432b49a8,0x0000000746880000)
 Metaspace       used 21375K, capacity 21599K, committed 21808K, reserved 1069056K
  class space    used 2036K, capacity 2112K, committed 2176K, reserved 1048576K
}

Deoptimization events (10 events):
Event: 13.353 Thread 0x00007fd719430800 Uncommon trap: reason=unstable_if action=reinterpret pc=0x0000000109e31344 method=de.fhpotsdam.unfolding.core.Coordinate.equals(Ljava/lang/Object;)Z @ 38
Event: 19.258 Thread 0x00007fd719430800 Uncommon trap: reason=unstable_if action=reinterpret pc=0x0000000109f6e178 method=java.text.DigitList.getDataChars(I)[C @ 13
Event: 19.258 Thread 0x00007fd719430800 Uncommon trap: reason=unstable_if action=reinterpret pc=0x0000000109fb35c4 method=java.text.DecimalFormat.subformat(Ljava/lang/StringBuffer;Ljava/text/Format$FieldDelegate;ZZIIII)Ljava/lang/StringBuffer; @ 753
Event: 21.209 Thread 0x00007fd719430800 Uncommon trap: reason=unstable_if action=reinterpret pc=0x0000000109ee7cc4 method=processing.core.PApplet.constrain(III)I @ 11
Event: 30.793 Thread 0x00007fd7192e7000 Uncommon trap: reason=unstable_if action=reinterpret pc=0x000000010a2b44b4 method=java.awt.EventQueue.getPriority(Ljava/awt/AWTEvent;)I @ 71
Event: 30.798 Thread 0x00007fd7192e7000 Uncommon trap: reason=unstable_if action=reinterpret pc=0x000000010a2a90a8 method=sun.java2d.pipe.Region.isEmpty()Z @ 19
Event: 30.798 Thread 0x00007fd7192e7000 Uncommon trap: reason=unstable_if action=reinterpret pc=0x0000000109f5dda4 method=java.awt.font.FontRenderContext.equals(Ljava/awt/font/FontRenderContext;)Z @ 2
Event: 30.825 Thread 0x00007fd719282800 Uncommon trap: reason=unstable_if action=reinterpret pc=0x0000000109de81d0 method=java.util.HashMap.putVal(ILjava/lang/Object;Ljava/lang/Object;ZZ)Ljava/lang/Object; @ 81
Event: 30.825 Thread 0x00007fd719282800 Uncommon trap: reason=unstable_if action=reinterpret pc=0x0000000109ddb47c method=java.util.HashMap.putVal(ILjava/lang/Object;Ljava/lang/Object;ZZ)Ljava/lang/Object; @ 81
Event: 30.826 Thread 0x00007fd7192e7000 Uncommon trap: reason=unstable_if action=reinterpret pc=0x0000000109f74d78 method=java.awt.font.FontRenderContext.equals(Ljava/awt/font/FontRenderContext;)Z @ 2

Internal exceptions (10 events):
Event: 0.210 Thread 0x00007fd71900e000 Exception <a 'java/lang/NoSuchFieldError': method resolution failed> (0x0000000795838a78) thrown at [/Users/java_re/workspace/8-2-build-macosx-x86_64/jdk8u60/4407/hotspot/src/share/vm/prims/methodHandles.cpp, line 1146]
Event: 0.483 Thread 0x00007fd71900e000 Exception <a 'java/io/FileNotFoundException'> (0x00000007958b4c10) thrown at [/Users/java_re/workspace/8-2-build-macosx-x86_64/jdk8u60/4407/hotspot/src/share/vm/prims/jni.cpp, line 709]
Event: 0.483 Thread 0x00007fd71900e000 Exception <a 'java/io/FileNotFoundException'> (0x00000007958b5770) thrown at [/Users/java_re/workspace/8-2-build-macosx-x86_64/jdk8u60/4407/hotspot/src/share/vm/prims/jni.cpp, line 709]
Event: 0.618 Thread 0x00007fd71900e000 Exception <a 'java/io/FileNotFoundException'> (0x00000007959f66b0) thrown at [/Users/java_re/workspace/8-2-build-macosx-x86_64/jdk8u60/4407/hotspot/src/share/vm/prims/jni.cpp, line 709]
Event: 2.773 Thread 0x00007fd719301000 Exception <a 'java/lang/UnsatisfiedLinkError': com.jogamp.common.util.JarUtil.fixNativeLibAttribs(Ljava/lang/String;)Z> (0x0000000796c85570) thrown at [/Users/java_re/workspace/8-2-build-macosx-x86_64/jdk8u60/4407/hotspot/src/share/vm/prims/nativeLookup.c
Event: 3.025 Thread 0x00007fd719047000 Exception <a 'java/lang/NullPointerException'> (0x00000007956a3108) thrown at [/Users/java_re/workspace/8-2-build-macosx-x86_64/jdk8u60/4407/hotspot/src/share/vm/interpreter/linkResolver.cpp, line 1178]
Event: 3.565 Thread 0x00007fd719430800 Exception <a 'java/io/FileNotFoundException'> (0x0000000795f7f918) thrown at [/Users/java_re/workspace/8-2-build-macosx-x86_64/jdk8u60/4407/hotspot/src/share/vm/prims/jni.cpp, line 709]
Event: 3.566 Thread 0x00007fd719430800 Exception <a 'java/io/FileNotFoundException'> (0x0000000795f878a8) thrown at [/Users/java_re/workspace/8-2-build-macosx-x86_64/jdk8u60/4407/hotspot/src/share/vm/prims/jni.cpp, line 709]
Event: 3.566 Thread 0x00007fd719430800 Implicit null exception at 0x0000000109a98933 to 0x0000000109a98ce5
Event: 4.833 Thread 0x00007fd719430800 Implicit null exception at 0x0000000109e16ca5 to 0x0000000109e16df9

Events (10 events):
Event: 30.840 loading class com/jogamp/nativewindow/awt/JAWTWindow$JAWTComponentListener$2
Event: 30.840 loading class com/jogamp/nativewindow/awt/JAWTWindow$JAWTComponentListener$2 done
Event: 30.844 loading class jogamp/nativewindow/jawt/macosx/MacOSXJAWTWindow$1
Event: 30.844 loading class jogamp/nativewindow/jawt/macosx/MacOSXJAWTWindow$1 done
Event: 30.847 loading class java/awt/LightweightDispatcher$2
Event: 30.847 loading class java/awt/LightweightDispatcher$2 done
Event: 30.847 loading class java/awt/event/AWTEventListenerProxy
Event: 30.848 loading class java/awt/event/AWTEventListenerProxy done
Event: 30.848 Executing VM operation: Deoptimize
Event: 30.848 Executing VM operation: Deoptimize done


Dynamic libraries:
0x00000000046ee000 	/System/Library/Frameworks/Cocoa.framework/Versions/A/Cocoa
0x00000000046ee000 	/System/Library/Frameworks/Security.framework/Versions/A/Security
0x00000000046ee000 	/System/Library/Frameworks/ApplicationServices.framework/Versions/A/ApplicationServices
0x00000000046ee000 	/usr/lib/libz.1.dylib
0x00000000046ee000 	/usr/lib/libSystem.B.dylib
0x00000000046ee000 	/usr/lib/libobjc.A.dylib
0x00000000046ee000 	/System/Library/Frameworks/CoreFoundation.framework/Versions/A/CoreFoundation
0x00000000046ee000 	/System/Library/Frameworks/Foundation.framework/Versions/C/Foundation
0x00000000046ee000 	/System/Library/Frameworks/AppKit.framework/Versions/C/AppKit
0x00000000046ee000 	/System/Library/Frameworks/CoreData.framework/Versions/A/CoreData
0x00000000046ee000 	/System/Library/PrivateFrameworks/RemoteViewServices.framework/Versions/A/RemoteViewServices
0x00000000046ee000 	/System/Library/PrivateFrameworks/UIFoundation.framework/Versions/A/UIFoundation
0x00000000046ee000 	/System/Library/Frameworks/IOSurface.framework/Versions/A/IOSurface
0x00000000046ee000 	/System/Library/Frameworks/AudioToolbox.framework/Versions/A/AudioToolbox
0x00000000046ee000 	/System/Library/Frameworks/AudioUnit.framework/Versions/A/AudioUnit
0x00000000046ee000 	/System/Library/PrivateFrameworks/DataDetectorsCore.framework/Versions/A/DataDetectorsCore
0x00000000046ee000 	/System/Library/PrivateFrameworks/DesktopServicesPriv.framework/Versions/A/DesktopServicesPriv
0x00000000046ee000 	/System/Library/Frameworks/Carbon.framework/Versions/A/Frameworks/HIToolbox.framework/Versions/A/HIToolbox
0x00000000046ee000 	/System/Library/Frameworks/QuartzCore.framework/Versions/A/QuartzCore
0x00000000046ee000 	/System/Library/Frameworks/Carbon.framework/Versions/A/Frameworks/SpeechRecognition.framework/Versions/A/SpeechRecognition
0x00000000046ee000 	/usr/lib/libauto.dylib
0x00000000046ee000 	/usr/lib/libicucore.A.dylib
0x00000000046ee000 	/usr/lib/libxml2.2.dylib
0x00000000046ee000 	/System/Library/PrivateFrameworks/CoreUI.framework/Versions/A/CoreUI
0x00000000046ee000 	/System/Library/Frameworks/CoreAudio.framework/Versions/A/CoreAudio
0x00000000046ee000 	/System/Library/Frameworks/DiskArbitration.framework/Versions/A/DiskArbitration
0x00000000046ee000 	/usr/lib/liblangid.dylib
0x00000000046ee000 	/System/Library/PrivateFrameworks/MultitouchSupport.framework/Versions/A/MultitouchSupport
0x00000000046ee000 	/System/Library/Frameworks/IOKit.framework/Versions/A/IOKit
0x00000000046ee000 	/usr/lib/libDiagnosticMessagesClient.dylib
0x00000000046ee000 	/System/Library/Frameworks/CoreServices.framework/Versions/A/CoreServices
0x00000000046ee000 	/System/Library/PrivateFrameworks/PerformanceAnalysis.framework/Versions/A/PerformanceAnalysis
0x00000000046ee000 	/System/Library/PrivateFrameworks/GenerationalStorage.framework/Versions/A/GenerationalStorage
0x00000000046ee000 	/System/Library/Frameworks/OpenGL.framework/Versions/A/OpenGL
0x00000000046ee000 	/System/Library/PrivateFrameworks/Sharing.framework/Versions/A/Sharing
0x00000000046ee000 	/System/Library/Frameworks/CoreGraphics.framework/Versions/A/CoreGraphics
0x00000000046ee000 	/System/Library/Frameworks/CoreText.framework/Versions/A/CoreText
0x00000000046ee000 	/System/Library/Frameworks/ImageIO.framework/Versions/A/ImageIO
0x00000000046ee000 	/usr/lib/libextension.dylib
0x00000000046ee000 	/System/Library/PrivateFrameworks/Backup.framework/Versions/A/Backup
0x00000000046ee000 	/usr/lib/libarchive.2.dylib
0x00000000046ee000 	/System/Library/Frameworks/CFNetwork.framework/Versions/A/CFNetwork
0x00000000046ee000 	/System/Library/Frameworks/SystemConfiguration.framework/Versions/A/SystemConfiguration
0x00000000046ee000 	/usr/lib/libCRFSuite.dylib
0x00000000046ee000 	/usr/lib/libc++.1.dylib
0x00000000046ee000 	/usr/lib/libc++abi.dylib
0x00000000046ee000 	/usr/lib/system/libcache.dylib
0x00000000046ee000 	/usr/lib/system/libcommonCrypto.dylib
0x00000000046ee000 	/usr/lib/system/libcompiler_rt.dylib
0x00000000046ee000 	/usr/lib/system/libcopyfile.dylib
0x00000000046ee000 	/usr/lib/system/libcorecrypto.dylib
0x00000000046ee000 	/usr/lib/system/libdispatch.dylib
0x00000000046ee000 	/usr/lib/system/libdyld.dylib
0x00000000046ee000 	/usr/lib/system/libkeymgr.dylib
0x00000000046ee000 	/usr/lib/system/liblaunch.dylib
0x00000000046ee000 	/usr/lib/system/libmacho.dylib
0x00000000046ee000 	/usr/lib/system/libquarantine.dylib
0x00000000046ee000 	/usr/lib/system/libremovefile.dylib
0x00000000046ee000 	/usr/lib/system/libsystem_asl.dylib
0x00000000046ee000 	/usr/lib/system/libsystem_blocks.dylib
0x00000000046ee000 	/usr/lib/system/libsystem_c.dylib
0x00000000046ee000 	/usr/lib/system/libsystem_configuration.dylib
0x00000000046ee000 	/usr/lib/system/libsystem_coreservices.dylib
0x00000000046ee000 	/usr/lib/system/libsystem_coretls.dylib
0x00000000046ee000 	/usr/lib/system/libsystem_dnssd.dylib
0x00000000046ee000 	/usr/lib/system/libsystem_info.dylib
0x00000000046ee000 	/usr/lib/system/libsystem_kernel.dylib
0x00000000046ee000 	/usr/lib/system/libsystem_m.dylib
0x00000000046ee000 	/usr/lib/system/libsystem_malloc.dylib
0x00000000046ee000 	/usr/lib/system/libsystem_network.dylib
0x00000000046ee000 	/usr/lib/system/libsystem_networkextension.dylib
0x00000000046ee000 	/usr/lib/system/libsystem_notify.dylib
0x00000000046ee000 	/usr/lib/system/libsystem_platform.dylib
0x00000000046ee000 	/usr/lib/system/libsystem_pthread.dylib
0x00000000046ee000 	/usr/lib/system/libsystem_sandbox.dylib
0x00000000046ee000 	/usr/lib/system/libsystem_secinit.dylib
0x00000000046ee000 	/usr/lib/system/libsystem_stats.dylib
0x00000000046ee000 	/usr/lib/system/libsystem_trace.dylib
0x00000000046ee000 	/usr/lib/system/libunc.dylib
0x00000000046ee000 	/usr/lib/system/libunwind.dylib
0x00000000046ee000 	/usr/lib/system/libxpc.dylib
0x00000000046ee000 	/usr/lib/libbz2.1.0.dylib
0x00000000046ee000 	/usr/lib/liblzma.5.dylib
0x00000000046ee000 	/usr/lib/libbsm.0.dylib
0x00000000046ee000 	/usr/lib/libsqlite3.dylib
0x00000000046ee000 	/usr/lib/system/libkxld.dylib
0x00000000046ee000 	/usr/lib/libxar.1.dylib
0x00000000046ee000 	/usr/lib/libpam.2.dylib
0x00000000046ee000 	/usr/lib/libOpenScriptingUtil.dylib
0x00000000046ee000 	/System/Library/Frameworks/CoreServices.framework/Versions/A/Frameworks/FSEvents.framework/Versions/A/FSEvents
0x00000000046ee000 	/System/Library/Frameworks/CoreServices.framework/Versions/A/Frameworks/CarbonCore.framework/Versions/A/CarbonCore
0x00000000046ee000 	/System/Library/Frameworks/CoreServices.framework/Versions/A/Frameworks/Metadata.framework/Versions/A/Metadata
0x00000000046ee000 	/System/Library/Frameworks/CoreServices.framework/Versions/A/Frameworks/OSServices.framework/Versions/A/OSServices
0x00000000046ee000 	/System/Library/Frameworks/CoreServices.framework/Versions/A/Frameworks/SearchKit.framework/Versions/A/SearchKit
0x00000000046ee000 	/System/Library/Frameworks/CoreServices.framework/Versions/A/Frameworks/AE.framework/Versions/A/AE
0x00000000046ee000 	/System/Library/Frameworks/CoreServices.framework/Versions/A/Frameworks/LaunchServices.framework/Versions/A/LaunchServices
0x00000000046ee000 	/System/Library/Frameworks/CoreServices.framework/Versions/A/Frameworks/DictionaryServices.framework/Versions/A/DictionaryServices
0x00000000046ee000 	/System/Library/Frameworks/NetFS.framework/Versions/A/NetFS
0x00000000046ee000 	/System/Library/PrivateFrameworks/NetAuth.framework/Versions/A/NetAuth
0x00000000046ee000 	/System/Library/PrivateFrameworks/login.framework/Versions/A/Frameworks/loginsupport.framework/Versions/A/loginsupport
0x00000000046ee000 	/System/Library/PrivateFrameworks/TCC.framework/Versions/A/TCC
0x00000000046ee000 	/usr/lib/libmecabra.dylib
0x00000000046ee000 	/System/Library/Frameworks/ApplicationServices.framework/Versions/A/Frameworks/ATS.framework/Versions/A/ATS
0x00000000046ee000 	/System/Library/Frameworks/ApplicationServices.framework/Versions/A/Frameworks/ColorSync.framework/Versions/A/ColorSync
0x00000000046ee000 	/System/Library/Frameworks/ApplicationServices.framework/Versions/A/Frameworks/HIServices.framework/Versions/A/HIServices
0x00000000046ee000 	/System/Library/Frameworks/ApplicationServices.framework/Versions/A/Frameworks/LangAnalysis.framework/Versions/A/LangAnalysis
0x00000000046ee000 	/System/Library/Frameworks/ApplicationServices.framework/Versions/A/Frameworks/PrintCore.framework/Versions/A/PrintCore
0x00000000046ee000 	/System/Library/Frameworks/ApplicationServices.framework/Versions/A/Frameworks/QD.framework/Versions/A/QD
0x00000000046ee000 	/System/Library/Frameworks/ApplicationServices.framework/Versions/A/Frameworks/SpeechSynthesis.framework/Versions/A/SpeechSynthesis
0x00000000046ee000 	/System/Library/Frameworks/Accelerate.framework/Versions/A/Accelerate
0x00000000046ee000 	/System/Library/Frameworks/Accelerate.framework/Versions/A/Frameworks/vImage.framework/Versions/A/vImage
0x00000000046ee000 	/System/Library/Frameworks/Accelerate.framework/Versions/A/Frameworks/vecLib.framework/Versions/A/vecLib
0x00000000046ee000 	/System/Library/Frameworks/Accelerate.framework/Versions/A/Frameworks/vecLib.framework/Versions/A/libvDSP.dylib
0x00000000046ee000 	/System/Library/Frameworks/Accelerate.framework/Versions/A/Frameworks/vecLib.framework/Versions/A/libvMisc.dylib
0x00000000046ee000 	/System/Library/Frameworks/Accelerate.framework/Versions/A/Frameworks/vecLib.framework/Versions/A/libLAPACK.dylib
0x00000000046ee000 	/System/Library/Frameworks/Accelerate.framework/Versions/A/Frameworks/vecLib.framework/Versions/A/libBLAS.dylib
0x00000000046ee000 	/System/Library/Frameworks/Accelerate.framework/Versions/A/Frameworks/vecLib.framework/Versions/A/libLinearAlgebra.dylib
0x00000000046ee000 	/System/Library/Frameworks/ApplicationServices.framework/Versions/A/Frameworks/ATS.framework/Versions/A/Resources/libFontParser.dylib
0x00000000046ee000 	/System/Library/Frameworks/ApplicationServices.framework/Versions/A/Frameworks/ATS.framework/Versions/A/Resources/libFontRegistry.dylib
0x00000000046ee000 	/System/Library/PrivateFrameworks/AppleVPA.framework/Versions/A/AppleVPA
0x00000000046ee000 	/System/Library/PrivateFrameworks/AppleJPEG.framework/Versions/A/AppleJPEG
0x00000000046ee000 	/System/Library/Frameworks/ImageIO.framework/Versions/A/Resources/libJPEG.dylib
0x00000000046ee000 	/System/Library/Frameworks/ImageIO.framework/Versions/A/Resources/libTIFF.dylib
0x00000000046ee000 	/System/Library/Frameworks/ImageIO.framework/Versions/A/Resources/libPng.dylib
0x00000000046ee000 	/System/Library/Frameworks/ImageIO.framework/Versions/A/Resources/libGIF.dylib
0x00000000046ee000 	/System/Library/Frameworks/ImageIO.framework/Versions/A/Resources/libJP2.dylib
0x00000000046ee000 	/System/Library/Frameworks/ImageIO.framework/Versions/A/Resources/libRadiance.dylib
0x00000000046ee000 	/System/Library/Frameworks/CoreVideo.framework/Versions/A/CoreVideo
0x00000000046ee000 	/System/Library/Frameworks/OpenGL.framework/Versions/A/Libraries/libGLU.dylib
0x00000000046ee000 	/System/Library/Frameworks/OpenGL.framework/Versions/A/Libraries/libGFXShared.dylib
0x00000000046ee000 	/System/Library/Frameworks/OpenGL.framework/Versions/A/Libraries/libGL.dylib
0x00000000046ee000 	/System/Library/Frameworks/OpenGL.framework/Versions/A/Libraries/libGLImage.dylib
0x00000000046ee000 	/System/Library/Frameworks/OpenGL.framework/Versions/A/Libraries/libCVMSPluginSupport.dylib
0x00000000046ee000 	/System/Library/Frameworks/OpenGL.framework/Versions/A/Libraries/libCoreVMClient.dylib
0x00000000046ee000 	/usr/lib/libcups.2.dylib
0x00000000046ee000 	/System/Library/Frameworks/Kerberos.framework/Versions/A/Kerberos
0x00000000046ee000 	/System/Library/Frameworks/GSS.framework/Versions/A/GSS
0x00000000046ee000 	/usr/lib/libresolv.9.dylib
0x00000000046ee000 	/usr/lib/libiconv.2.dylib
0x00000000046ee000 	/System/Library/PrivateFrameworks/Heimdal.framework/Versions/A/Heimdal
0x00000000046ee000 	/usr/lib/libheimdal-asn1.dylib
0x00000000046ee000 	/System/Library/Frameworks/OpenDirectory.framework/Versions/A/OpenDirectory
0x00000000046ee000 	/System/Library/PrivateFrameworks/CommonAuth.framework/Versions/A/CommonAuth
0x00000000046ee000 	/System/Library/Frameworks/OpenDirectory.framework/Versions/A/Frameworks/CFOpenDirectory.framework/Versions/A/CFOpenDirectory
0x00000000046ee000 	/System/Library/Frameworks/SecurityFoundation.framework/Versions/A/SecurityFoundation
0x00000000046ee000 	/System/Library/PrivateFrameworks/LanguageModeling.framework/Versions/A/LanguageModeling
0x00000000046ee000 	/usr/lib/libcmph.dylib
0x00000000046ee000 	/System/Library/Frameworks/ServiceManagement.framework/Versions/A/ServiceManagement
0x00000000046ee000 	/usr/lib/libxslt.1.dylib
0x00000000046ee000 	/System/Library/Frameworks/Carbon.framework/Versions/A/Frameworks/Ink.framework/Versions/A/Ink
0x00000000046ee000 	/System/Library/Frameworks/QuartzCore.framework/Versions/A/Frameworks/CoreImage.framework/Versions/A/CoreImage
0x00000000046ee000 	/System/Library/PrivateFrameworks/CrashReporterSupport.framework/Versions/A/CrashReporterSupport
0x00000000046ee000 	/System/Library/Frameworks/OpenCL.framework/Versions/A/OpenCL
0x00000000046ee000 	/System/Library/PrivateFrameworks/FaceCore.framework/Versions/A/FaceCore
0x00000000046ee000 	/System/Library/PrivateFrameworks/Ubiquity.framework/Versions/A/Ubiquity
0x00000000046ee000 	/System/Library/PrivateFrameworks/IconServices.framework/Versions/A/IconServices
0x00000000046ee000 	/System/Library/PrivateFrameworks/ChunkingLibrary.framework/Versions/A/ChunkingLibrary
0x00000000046ee000 	/System/Library/PrivateFrameworks/Apple80211.framework/Versions/A/Apple80211
0x00000000046ee000 	/System/Library/Frameworks/CoreWLAN.framework/Versions/A/CoreWLAN
0x00000000046ee000 	/System/Library/Frameworks/IOBluetooth.framework/Versions/A/IOBluetooth
0x00000000046ee000 	/System/Library/PrivateFrameworks/CoreWiFi.framework/Versions/A/CoreWiFi
0x00000000046ee000 	/System/Library/Frameworks/CoreBluetooth.framework/Versions/A/CoreBluetooth
0x00000000046ee000 	/System/Library/PrivateFrameworks/DebugSymbols.framework/Versions/A/DebugSymbols
0x00000000046ee000 	/System/Library/PrivateFrameworks/CoreSymbolication.framework/Versions/A/CoreSymbolication
0x00000000046ee000 	/System/Library/PrivateFrameworks/Symbolication.framework/Versions/A/Symbolication
0x00000000046ee000 	/System/Library/PrivateFrameworks/SpeechRecognitionCore.framework/Versions/A/SpeechRecognitionCore
0x0000000108813000 	/Library/Java/JavaVirtualMachines/jdk1.8.0_60.jdk/Contents/Home/jre/lib/server/libjvm.dylib
0x00000000046ee000 	/usr/lib/libstdc++.6.dylib
0x000000010989f000 	/Library/Java/JavaVirtualMachines/jdk1.8.0_60.jdk/Contents/Home/jre/lib/libverify.dylib
0x00000001098ad000 	/Library/Java/JavaVirtualMachines/jdk1.8.0_60.jdk/Contents/Home/jre/lib/libjava.dylib
0x00000001098ea000 	/Library/Java/JavaVirtualMachines/jdk1.8.0_60.jdk/Contents/Home/jre/lib/libzip.dylib
0x000000011f96a000 	/System/Library/Frameworks/JavaVM.framework/Frameworks/JavaRuntimeSupport.framework/JavaRuntimeSupport
0x000000011f980000 	/System/Library/Frameworks/JavaVM.framework/Versions/A/Frameworks/JavaNativeFoundation.framework/Versions/A/JavaNativeFoundation
0x000000011f994000 	/System/Library/Frameworks/JavaVM.framework/Versions/A/JavaVM
0x00000000046ee000 	/System/Library/Frameworks/Carbon.framework/Versions/A/Carbon
0x000000011f9a0000 	/System/Library/PrivateFrameworks/JavaLaunching.framework/Versions/A/JavaLaunching
0x00000000046ee000 	/System/Library/Frameworks/Carbon.framework/Versions/A/Frameworks/CommonPanels.framework/Versions/A/CommonPanels
0x00000000046ee000 	/System/Library/Frameworks/Carbon.framework/Versions/A/Frameworks/Help.framework/Versions/A/Help
0x00000000046ee000 	/System/Library/Frameworks/Carbon.framework/Versions/A/Frameworks/ImageCapture.framework/Versions/A/ImageCapture
0x00000000046ee000 	/System/Library/Frameworks/Carbon.framework/Versions/A/Frameworks/OpenScripting.framework/Versions/A/OpenScripting
0x00000000046ee000 	/System/Library/Frameworks/Carbon.framework/Versions/A/Frameworks/Print.framework/Versions/A/Print
0x00000000046ee000 	/System/Library/Frameworks/Carbon.framework/Versions/A/Frameworks/SecurityHI.framework/Versions/A/SecurityHI
0x0000000121897000 	/Library/Java/JavaVirtualMachines/jdk1.8.0_60.jdk/Contents/Home/jre/lib/libawt.dylib
0x000000012193f000 	/Library/Java/JavaVirtualMachines/jdk1.8.0_60.jdk/Contents/Home/jre/lib/./libmlib_image.dylib
0x0000000121a0b000 	/Library/Java/JavaVirtualMachines/jdk1.8.0_60.jdk/Contents/Home/jre/lib/libawt_lwawt.dylib
0x0000000121ac0000 	/Library/Java/JavaVirtualMachines/jdk1.8.0_60.jdk/Contents/Home/jre/lib/./libosxapp.dylib
0x00000000046ee000 	/System/Library/Frameworks/ExceptionHandling.framework/Versions/A/ExceptionHandling
0x00000000046ee000 	/System/Library/PrivateFrameworks/CoreServicesInternal.framework/Versions/A/CoreServicesInternal
0x00000000046ee000 	/System/Library/PrivateFrameworks/CloudDocs.framework/Versions/A/CloudDocs
0x00000000046ee000 	/System/Library/PrivateFrameworks/CoreDuet.framework/Versions/A/CoreDuet
0x00000000046ee000 	/System/Library/Frameworks/CloudKit.framework/Versions/A/CloudKit
0x00000000046ee000 	/System/Library/PrivateFrameworks/ProtocolBuffer.framework/Versions/A/ProtocolBuffer
0x00000000046ee000 	/System/Library/PrivateFrameworks/CoreDuetDaemonProtocol.framework/Versions/A/CoreDuetDaemonProtocol
0x00000000046ee000 	/System/Library/PrivateFrameworks/CoreDuetDebugLogging.framework/Versions/A/CoreDuetDebugLogging
0x00000000046ee000 	/System/Library/PrivateFrameworks/MMCS.framework/Versions/A/MMCS
0x00000000046ee000 	/System/Library/Frameworks/CoreLocation.framework/Versions/A/CoreLocation
0x00000000046ee000 	/System/Library/PrivateFrameworks/ProtectedCloudStorage.framework/Versions/A/ProtectedCloudStorage
0x00000000046ee000 	/System/Library/PrivateFrameworks/GeoServices.framework/Versions/A/GeoServices
0x00000000046ee000 	/System/Library/Frameworks/CoreGraphics.framework/Versions/A/Resources/libCGCMS.A.dylib
0x00000000046ee000 	/System/Library/Frameworks/CoreGraphics.framework/Versions/A/Resources/libRIP.A.dylib
0x00000000046ee000 	/System/Library/Frameworks/CoreGraphics.framework/Versions/A/Resources/libCGXType.A.dylib
0x00000000046ee000 	/System/Library/Frameworks/OpenCL.framework/Versions/A/Libraries/libcldcpuengine.dylib
0x00000000046ee000 	/System/Library/PrivateFrameworks/DiskImages.framework/Versions/A/DiskImages
0x00000000046ee000 	/System/Library/Frameworks/DiscRecording.framework/Versions/A/DiscRecording
0x00000000046ee000 	/usr/lib/libcsfde.dylib
0x00000000046ee000 	/usr/lib/libcurl.4.dylib
0x00000000046ee000 	/System/Library/PrivateFrameworks/MediaKit.framework/Versions/A/MediaKit
0x00000000046ee000 	/usr/lib/libCoreStorage.dylib
0x00000000046ee000 	/System/Library/PrivateFrameworks/EFILogin.framework/Versions/A/EFILogin
0x00000000046ee000 	/usr/lib/libutil.dylib
0x00000000046ee000 	/System/Library/PrivateFrameworks/FindMyDevice.framework/Versions/A/FindMyDevice
0x00000000046ee000 	/System/Library/Frameworks/LDAP.framework/Versions/A/LDAP
0x00000000046ee000 	/usr/lib/libsasl2.2.dylib
0x00000000046ee000 	/System/Library/PrivateFrameworks/CoreDaemon.framework/Versions/B/CoreDaemon
0x00000000046ee000 	/usr/lib/libcrypto.0.9.8.dylib
0x00000000046ee000 	/System/Library/PrivateFrameworks/AppleSRP.framework/Versions/A/AppleSRP
0x00000000046ee000 	/System/Library/PrivateFrameworks/TrustEvaluationAgent.framework/Versions/A/TrustEvaluationAgent
0x0000000124c48000 	cl_kernels
0x0000000124c4a000 	/System/Library/Frameworks/OpenCL.framework/Versions/A/Libraries/ImageFormats/unorm8_bgra.dylib
0x0000000124c3a000 	cl_kernels
0x00000000046ee000 	/System/Library/PrivateFrameworks/FamilyControls.framework/Versions/A/FamilyControls
0x00000000046ee000 	/System/Library/PrivateFrameworks/CommerceKit.framework/Versions/A/Frameworks/CommerceCore.framework/Versions/A/CommerceCore
0x00000000046ee000 	/System/Library/PrivateFrameworks/SystemAdministration.framework/Versions/A/SystemAdministration
0x00000000046ee000 	/System/Library/PrivateFrameworks/AppContainer.framework/Versions/A/AppContainer
0x00000000046ee000 	/System/Library/PrivateFrameworks/SecCodeWrapper.framework/Versions/A/SecCodeWrapper
0x00000000046ee000 	/System/Library/Frameworks/DirectoryService.framework/Versions/A/DirectoryService
0x00000000046ee000 	/System/Library/PrivateFrameworks/LoginUIKit.framework/Versions/A/Frameworks/LoginUICore.framework/Versions/A/LoginUICore
0x00000000046ee000 	/usr/lib/libodfde.dylib
0x00000000046ee000 	/System/Library/Frameworks/OpenGL.framework/Versions/A/Resources/GLEngine.bundle/GLEngine
0x00000000046ee000 	/System/Library/Frameworks/OpenGL.framework/Versions/A/Libraries/libGLProgrammability.dylib
0x0000000125ff4000 	/System/Library/Extensions/AppleIntelBDWGraphicsGLDriver.bundle/Contents/MacOS/AppleIntelBDWGraphicsGLDriver
0x00000000046ee000 	/System/Library/PrivateFrameworks/IOAccelerator.framework/Versions/A/IOAccelerator
0x00000000046ee000 	/System/Library/PrivateFrameworks/GPUSupport.framework/Versions/A/Libraries/libGPUSupportMercury.dylib
0x00000000046ee000 	/System/Library/Frameworks/OpenGL.framework/Versions/A/Resources/GLRendererFloat.bundle/GLRendererFloat
0x0000000126fc9000 	/Library/Java/JavaVirtualMachines/jdk1.8.0_60.jdk/Contents/Home/jre/lib/libfontmanager.dylib
0x000000012829e000 	/Library/Java/JavaVirtualMachines/jdk1.8.0_60.jdk/Contents/Home/jre/lib/libosxui.dylib
0x0000000128532000 	/Library/Java/JavaVirtualMachines/jdk1.8.0_60.jdk/Contents/Home/jre/lib/libnet.dylib
0x00000001282e0000 	/Library/Java/JavaVirtualMachines/jdk1.8.0_60.jdk/Contents/Home/jre/lib/libnio.dylib
0x00000000046ee000 	/System/Library/Frameworks/ApplicationServices.framework/Versions/A/Frameworks/ATS.framework/Versions/A/Resources/libTrueTypeScaler.dylib
0x0000000173a8a000 	/private/var/folders/8w/5wpjvrhj4jndmvcbfwkzrjlc0000gn/T/jogamp_0000/file_cache/jln7728681687645777955/jln4533045353468935683/libgluegen-rt.jnilib
0x0000000173a8f000 	/private/var/folders/8w/5wpjvrhj4jndmvcbfwkzrjlc0000gn/T/jogamp_0000/file_cache/jln7728681687645777955/jln4533045353468935683/libnativewindow_awt.jnilib
0x0000000173a92000 	/Library/Java/JavaVirtualMachines/jdk1.8.0_60.jdk/Contents/Home/jre/lib/libjawt.dylib
0x0000000173a95000 	/private/var/folders/8w/5wpjvrhj4jndmvcbfwkzrjlc0000gn/T/jogamp_0000/file_cache/jln7728681687645777955/jln4533045353468935683/libnativewindow_macosx.jnilib
0x0000000173b8f000 	/private/var/folders/8w/5wpjvrhj4jndmvcbfwkzrjlc0000gn/T/jogamp_0000/file_cache/jln7728681687645777955/jln4533045353468935683/libjogl_desktop.jnilib
0x000000017a58c000 	/Library/Java/JavaVirtualMachines/jdk1.8.0_60.jdk/Contents/Home/jre/lib/libt2k.dylib

VM Arguments:
jvm_args: -Djava.security.policy=java.policy.applet -Dfile.encoding=UTF-8 
java_command: sun.applet.AppletViewer module5.EarthquakeCityMap1453779138774.html
java_class_path (initial): /Users/fangrong/Documents/Coursera/java OOP/UCSDUnfoldingMaps/build:/Users/fangrong/Documents/Coursera/java OOP/UCSDUnfoldingMaps/lib/core.jar:/Users/fangrong/Documents/Coursera/java OOP/UCSDUnfoldingMaps/lib/gluegen-rt.jar:/Users/fangrong/Documents/Coursera/java OOP/UCSDUnfoldingMaps/lib/jogl-all.jar:/Users/fangrong/Documents/Coursera/java OOP/UCSDUnfoldingMaps/lib/log4j-1.2.15.jar:/Users/fangrong/Documents/Coursera/java OOP/UCSDUnfoldingMaps/lib/sqlite-jdbc-3.7.2.jar:/Users/fangrong/Documents/Coursera/java OOP/UCSDUnfoldingMaps/lib/json4processing.jar:/Users/fangrong/Documents/Coursera/java OOP/UCSDUnfoldingMaps/lib/libTUIO.jar:/Users/fangrong/Documents/Coursera/java OOP/UCSDUnfoldingMaps/lib/unfolding.0.9.7-uscd.jar
Launcher Type: SUN_STANDARD

Environment Variables:
PATH=/usr/bin:/bin:/usr/sbin:/sbin
SHELL=/bin/bash

Signal Handlers:
SIGSEGV: [libjvm.dylib+0x5a6d31], sa_mask[0]=11111111011111110111111111111111, sa_flags=SA_ONSTACK|SA_RESTART|SA_SIGINFO
SIGBUS: [libjvm.dylib+0x5a6d31], sa_mask[0]=11111111011111110111111111111111, sa_flags=SA_RESTART|SA_SIGINFO
SIGFPE: [libjvm.dylib+0x480a4c], sa_mask[0]=11111111011111110111111111111111, sa_flags=SA_RESTART|SA_SIGINFO
SIGPIPE: [libjvm.dylib+0x480a4c], sa_mask[0]=11111111011111110111111111111111, sa_flags=SA_RESTART|SA_SIGINFO
SIGXFSZ: [libjvm.dylib+0x480a4c], sa_mask[0]=11111111011111110111111111111111, sa_flags=SA_RESTART|SA_SIGINFO
SIGILL: [libjvm.dylib+0x480a4c], sa_mask[0]=11111111011111110111111111111111, sa_flags=SA_RESTART|SA_SIGINFO
SIGUSR1: SIG_DFL, sa_mask[0]=00000000000000000000000000000000, sa_flags=none
SIGUSR2: [libjvm.dylib+0x48056a], sa_mask[0]=00100000000000000000000000000000, sa_flags=SA_RESTART|SA_SIGINFO
SIGHUP: [libjvm.dylib+0x47eb41], sa_mask[0]=11111111011111110111111111111111, sa_flags=SA_RESTART|SA_SIGINFO
SIGINT: [libjvm.dylib+0x47eb41], sa_mask[0]=11111111011111110111111111111111, sa_flags=SA_RESTART|SA_SIGINFO
SIGTERM: [libjvm.dylib+0x47eb41], sa_mask[0]=11111111011111110111111111111111, sa_flags=SA_RESTART|SA_SIGINFO
SIGQUIT: [libjvm.dylib+0x47eb41], sa_mask[0]=11111111011111110111111111111111, sa_flags=SA_RESTART|SA_SIGINFO


---------------  S Y S T E M  ---------------

OS:Bsduname:Darwin 14.5.0 Darwin Kernel Version 14.5.0: Wed Jul 29 02:26:53 PDT 2015; root:xnu-2782.40.9~1/RELEASE_X86_64 x86_64
rlimit: STACK 8192k, CORE 0k, NPROC 709, NOFILE 10240, AS infinity
load average:2.15 2.05 2.21

CPU:total 4 (2 cores per cpu, 2 threads per core) family 6 model 61 stepping 4, cmov, cx8, fxsr, mmx, sse, sse2, sse3, ssse3, sse4.1, sse4.2, popcnt, avx, avx2, aes, clmul, erms, 3dnowpref, lzcnt, ht, tsc, tscinvbit, bmi1, bmi2, adx

Memory: 4k page, physical 8388608k(39136k free)

/proc/meminfo:


vm_info: Java HotSpot(TM) 64-Bit Server VM (25.60-b23) for bsd-amd64 JRE (1.8.0_60-b27), built on Aug  4 2015 10:47:24 by "java_re" with gcc 4.2.1 (Based on Apple Inc. build 5658) (LLVM build 2336.11.00)

time: Mon Jan 25 22:32:49 2016
elapsed time: 30 seconds (0d 0h 0m 30s)

