#
# A fatal error has been detected by the Java Runtime Environment:
#
#  SIGSEGV (0xb) at pc=0x00007fff93f030dd, pid=6364, tid=1811
#
# JRE version: Java(TM) SE Runtime Environment (8.0_60-b27) (build 1.8.0_60-b27)
# Java VM: Java HotSpot(TM) 64-Bit Server VM (25.60-b23 mixed mode bsd-amd64 compressed oops)
# Problematic frame:
# C  [libobjc.A.dylib+0x10dd]  objc_msgSend+0x1d
#
# Failed to write core dump. Core dumps have been disabled. To enable core dumping, try "ulimit -c unlimited" before starting Java again
#
# If you would like to submit a bug report, please visit:
#   http://bugreport.java.com/bugreport/crash.jsp
# The crash happened outside the Java Virtual Machine in native code.
# See problematic frame for where to report the bug.
#

---------------  T H R E A D  ---------------

Current thread (0x00007f81520d9800):  JavaThread "AWT-AppKit" daemon [_thread_in_native, id=1811, stack(0x00007fff5c48e000,0x00007fff5cc8e000)]

siginfo: si_signo: 11 (SIGSEGV), si_code: 1 (SEGV_MAPERR), si_addr: 0x0000000000000018

Registers:
RAX=0x00007f81563a1a00, RBX=0x000000016ed34450, RCX=0x000000016f602a60, RDX=0x000000011fc3f620
RSP=0x00007fff5cc89488, RBP=0x00007fff5cc89540, RSI=0x00007fff8c81240f, RDI=0x00007f8156308d90
R8 =0x0000000000000000, R9 =0x0000000000000f50, R10=0x00007fff8c81240f, R11=0x0000000000000000
R12=0x0000000000000000, R13=0x000000017326efe0, R14=0x000000016ed34440, R15=0x00007f81520d9800
RIP=0x00007fff93f030dd, EFLAGS=0x0000000000010246, ERR=0x0000000000000004
  TRAPNO=0x000000000000000e

Top of Stack: (sp=0x00007fff5cc89488)
0x00007fff5cc89488:   000000016ed32157 00007fff5cc894e0
0x00007fff5cc89498:   0000000000000003 00007fff5cc894c0
0x00007fff5cc894a8:   0000000103bf1992 000000017326efe0
0x00007fff5cc894b8:   000000017326efe0 00007f81563a1a00
0x00007fff5cc894c8:   000000016ed346a0 000000016ed34710
0x00007fff5cc894d8:   00007fff767ba550 00007fff74d4ac80
0x00007fff5cc894e8:   000000016ed34450 000000016ed34690
0x00007fff5cc894f8:   00007f81563a1a00 00007f8156308d90
0x00007fff5cc89508:   00007f8151d7e890 00007f81563a1a00
0x00007fff5cc89518:   00007f8156308d90 00007fff5cc895c8
0x00007fff5cc89528:   00007f81520d99f8 000000017326efe0
0x00007fff5cc89538:   00007fff5cc895f0 00007fff5cc895b8
0x00007fff5cc89548:   000000010499e954 000000017326efe0
0x00007fff5cc89558:   00007fff5cc895f0 00007fff5cc895b8
0x00007fff5cc89568:   000000010499e6e7 000000010499e6a2
0x00007fff5cc89578:   00007fff5cc89578 000000017326efe0
0x00007fff5cc89588:   00007fff5cc895f0 0000000173271c18
0x00007fff5cc89598:   0000000000000000 000000017326efe0
0x00007fff5cc895a8:   0000000000000000 00007fff5cc895d8
0x00007fff5cc895b8:   00007fff5cc89638 0000000104990c4d
0x00007fff5cc895c8:   0000000797baef90 0000000104998578
0x00007fff5cc895d8:   00007f81563a1a00 00007fff5cc89638
0x00007fff5cc895e8:   00007f8156308d90 0000000104999d82
0x00007fff5cc895f8:   00007fff5cc895f8 000000017326f1aa
0x00007fff5cc89608:   00007fff5cc89660 0000000173271c18
0x00007fff5cc89618:   0000000000000000 000000017326f1b8
0x00007fff5cc89628:   00007fff5cc895d8 00007fff5cc89648
0x00007fff5cc89638:   00007fff5cc896a8 0000000104990c4d
0x00007fff5cc89648:   00007f81563a1a00 0000000797e22bd8
0x00007fff5cc89658:   00007f8156308d90 0000000797e22bd8
0x00007fff5cc89668:   00007fff5cc89668 0000000178c5ec4e
0x00007fff5cc89678:   00007fff5cc896b8 0000000178c5ed08 

Instructions: (pc=0x00007fff93f030dd)
0x00007fff93f030bd:   00 00 00 48 85 ff 2e 74 7a 40 f6 c7 01 2e 75 7e
0x00007fff93f030cd:   49 bb f8 ff ff ff ff 7f 00 00 4c 23 1f 49 89 f2
0x00007fff93f030dd:   45 23 53 18 49 c1 e2 04 4d 03 53 10 49 3b 32 75
0x00007fff93f030ed:   04 41 ff 62 08 49 83 3a 00 74 6a 4d 3b 53 10 74 

Register to memory mapping:

RAX=0x00007f81563a1a00 is an unknown value
RBX=0x000000016ed34450: Java_jogamp_nativewindow_macosx_OSXUtil_GetScreenRefreshRate0+0x1cf0 in /private/var/folders/8w/5wpjvrhj4jndmvcbfwkzrjlc0000gn/T/jogamp_0000/file_cache/jln1216405247676731332/jln6414132212664197578/libnativewindow_macosx.jnilib at 0x000000016ed2d000
RCX=0x000000016f602a60 is an unknown value
RDX=0x000000011fc3f620 is an unknown value
RSP=0x00007fff5cc89488 is pointing into the stack for thread: 0x00007f81520d9800
RBP=0x00007fff5cc89540 is pointing into the stack for thread: 0x00007f81520d9800
RSI=0x00007fff8c81240f is an unknown value
RDI=0x00007f8156308d90 is an unknown value
R8 =0x0000000000000000 is an unknown value
R9 =0x0000000000000f50 is an unknown value
R10=0x00007fff8c81240f is an unknown value
R11=0x0000000000000000 is an unknown value
R12=0x0000000000000000 is an unknown value
R13={method} {0x000000017326efe0} 'UnsetJAWTRootSurfaceLayer0' '(JJ)V' in 'jogamp/nativewindow/jawt/macosx/MacOSXJAWTWindow'
R14=0x000000016ed34440: Java_jogamp_nativewindow_macosx_OSXUtil_GetScreenRefreshRate0+0x1ce0 in /private/var/folders/8w/5wpjvrhj4jndmvcbfwkzrjlc0000gn/T/jogamp_0000/file_cache/jln1216405247676731332/jln6414132212664197578/libnativewindow_macosx.jnilib at 0x000000016ed2d000
R15=0x00007f81520d9800 is a thread


Stack: [0x00007fff5c48e000,0x00007fff5cc8e000],  sp=0x00007fff5cc89488,  free space=8173k
Native frames: (J=compiled Java code, j=interpreted, Vv=VM code, C=native code)
C  [libobjc.A.dylib+0x10dd]  objc_msgSend+0x1d
j  jogamp.nativewindow.jawt.macosx.MacOSXJAWTWindow.UnsetJAWTRootSurfaceLayer0(JJ)V+0
j  jogamp.nativewindow.jawt.macosx.MacOSXJAWTWindow.access$200(JJ)V+2
j  jogamp.nativewindow.jawt.macosx.MacOSXJAWTWindow$1.run()V+38
J 2151 C1 com.jogamp.common.util.RunnableTask.run()V (345 bytes) @ 0x0000000105031ed4 [0x0000000105031d40+0x194]
v  ~StubRoutines::call_stub
V  [libjvm.dylib+0x2eab0e]
V  [libjvm.dylib+0x321bb7]
V  [libjvm.dylib+0x31438b]
C  [libnativewindow_macosx.jnilib+0x5326]  Java_jogamp_nativewindow_jawt_macosx_MacOSXJAWTWindow_UnsetJAWTRootSurfaceLayer0+0x2b6
C  [Foundation+0x92dd0]  __NSThreadPerformPerform+0x125
C  [CoreFoundation+0x80a01]  __CFRUNLOOP_IS_CALLING_OUT_TO_A_SOURCE0_PERFORM_FUNCTION__+0x11
C  [CoreFoundation+0x72c5c]  __CFRunLoopDoSources0+0x1dc
C  [CoreFoundation+0x721bf]  __CFRunLoopRun+0x39f
C  [CoreFoundation+0x71bd8]  CFRunLoopRunSpecific+0x128
C  [HIToolbox+0x3256f]  RunCurrentEventLoopInMode+0xeb
C  [HIToolbox+0x321ee]  ReceiveNextEventCommon+0xb3
C  [HIToolbox+0x3212b]  _BlockUntilNextEventMatchingListInModeWithFilter+0x47
C  [AppKit+0x918ab]  _DPSNextEvent+0x3d2
C  [AppKit+0x90e58]  -[NSApplication nextEventMatchingMask:untilDate:inMode:dequeue:]+0x15a
C  [libosxapp.dylib+0x23aa]  -[NSApplicationAWT nextEventMatchingMask:untilDate:inMode:dequeue:]+0x7c
C  [AppKit+0x86af3]  -[NSApplication run]+0x252
C  [libosxapp.dylib+0x214d]  +[NSApplicationAWT runAWTLoopWithApp:]+0x9c
C  [libawt_lwawt.dylib+0x44517]  -[AWTStarter starter:]+0x389
C  [Foundation+0x92dd0]  __NSThreadPerformPerform+0x125
C  [CoreFoundation+0x80a01]  __CFRUNLOOP_IS_CALLING_OUT_TO_A_SOURCE0_PERFORM_FUNCTION__+0x11
C  [CoreFoundation+0x72b8d]  __CFRunLoopDoSources0+0x10d
C  [CoreFoundation+0x721bf]  __CFRunLoopRun+0x39f
C  [CoreFoundation+0x71bd8]  CFRunLoopRunSpecific+0x128
C  [java+0x6463]  CreateExecutionEnvironment+0x367
C  [java+0x21ac]  JLI_Launch+0x7a0
C  [java+0x84c0]  main+0x65
C  [java+0x1a04]  start+0x34
C  0x0000000000000007

Java frames: (J=compiled Java code, j=interpreted, Vv=VM code)
j  jogamp.nativewindow.jawt.macosx.MacOSXJAWTWindow.UnsetJAWTRootSurfaceLayer0(JJ)V+0
j  jogamp.nativewindow.jawt.macosx.MacOSXJAWTWindow.access$200(JJ)V+2
j  jogamp.nativewindow.jawt.macosx.MacOSXJAWTWindow$1.run()V+38
J 2151 C1 com.jogamp.common.util.RunnableTask.run()V (345 bytes) @ 0x0000000105031ed4 [0x0000000105031d40+0x194]
v  ~StubRoutines::call_stub

---------------  P R O C E S S  ---------------

Java Threads: ( => current thread )
  0x00007f815320d000 JavaThread "Thread-19" [_thread_blocked, id=12815, stack(0x00000001772f1000,0x00000001773f1000)]
  0x00007f8152c10000 JavaThread "Animation Thread" [_thread_blocked, id=61711, stack(0x000000016eebd000,0x000000016efbd000)]
  0x00007f8152c22000 JavaThread "AWT-EventQueue-1" [_thread_in_native, id=61235, stack(0x000000016f500000,0x000000016f600000)]
  0x00007f8153001000 JavaThread "DestroyJavaVM" [_thread_blocked, id=4867, stack(0x0000000103089000,0x0000000103189000)]
  0x00007f8152a50000 JavaThread "AWT-EventQueue-0" [_thread_blocked, id=53767, stack(0x0000000123209000,0x0000000123309000)]
  0x00007f81521a0000 JavaThread "Java2D Disposer" daemon [_thread_blocked, id=48671, stack(0x0000000121f84000,0x0000000122084000)]
  0x00007f81529d9000 JavaThread "Java2D Queue Flusher" daemon [_thread_blocked, id=48411, stack(0x0000000120f6f000,0x000000012106f000)]
  0x00007f8152999000 JavaThread "AWT-Shutdown" [_thread_blocked, id=28179, stack(0x000000011e106000,0x000000011e206000)]
=>0x00007f81520d9800 JavaThread "AWT-AppKit" daemon [_thread_in_native, id=1811, stack(0x00007fff5c48e000,0x00007fff5cc8e000)]
  0x00007f8152850800 JavaThread "Service Thread" daemon [_thread_blocked, id=18179, stack(0x000000011c710000,0x000000011c810000)]
  0x00007f8152045800 JavaThread "C1 CompilerThread2" daemon [_thread_blocked, id=17667, stack(0x000000011c60d000,0x000000011c70d000)]
  0x00007f8152044800 JavaThread "C2 CompilerThread1" daemon [_thread_blocked, id=17155, stack(0x000000011c50a000,0x000000011c60a000)]
  0x00007f815280b000 JavaThread "C2 CompilerThread0" daemon [_thread_blocked, id=16643, stack(0x000000011c407000,0x000000011c507000)]
  0x00007f8152839000 JavaThread "Signal Dispatcher" daemon [_thread_blocked, id=16155, stack(0x000000011c304000,0x000000011c404000)]
  0x00007f8152834800 JavaThread "Finalizer" daemon [_thread_blocked, id=11523, stack(0x000000011a8fe000,0x000000011a9fe000)]
  0x00007f8152834000 JavaThread "Reference Handler" daemon [_thread_blocked, id=11011, stack(0x000000011a7fb000,0x000000011a8fb000)]

Other Threads:
  0x00007f8152025000 VMThread [stack: 0x000000011a6f8000,0x000000011a7f8000] [id=10499]
  0x00007f8152039000 WatcherThread [stack: 0x000000011c813000,0x000000011c913000] [id=18691]

VM state:not at safepoint (normal execution)

VM Mutex/Monitor currently owned by a thread: None

Heap:
 PSYoungGen      total 38400K, used 5978K [0x0000000795580000, 0x0000000798000000, 0x00000007c0000000)
  eden space 33280K, 2% used [0x0000000795580000,0x000000079565e0d0,0x0000000797600000)
  from space 5120K, 99% used [0x0000000797b00000,0x0000000797ff8ad0,0x0000000798000000)
  to   space 5120K, 0% used [0x0000000797600000,0x0000000797600000,0x0000000797b00000)
 ParOldGen       total 87552K, used 12320K [0x0000000740000000, 0x0000000745580000, 0x0000000795580000)
  object space 87552K, 14% used [0x0000000740000000,0x0000000740c082c0,0x0000000745580000)
 Metaspace       used 20845K, capacity 21071K, committed 21296K, reserved 1069056K
  class space    used 2026K, capacity 2110K, committed 2176K, reserved 1048576K

Card table byte_map: [0x0000000113d49000,0x000000011414a000] byte_map_base: 0x0000000110349000

Marking Bits: (ParMarkBitMap*) 0x00000001042dee20
 Begin Bits: [0x0000000114801000, 0x0000000116801000)
 End Bits:   [0x0000000116801000, 0x0000000118801000)

Polling page: 0x00000001031ce000

CodeCache: size=245760Kb used=8235Kb max_used=8235Kb free=237524Kb
 bounds [0x0000000104989000, 0x00000001051a9000, 0x0000000113989000]
 total_blobs=3273 nmethods=2384 adapters=802
 compilation: enabled

Compilation events (10 events):
Event: 17.195 Thread 0x00007f8152045800 2598   !   3       sun.lwawt.LWComponentPeer::isShowing (49 bytes)
Event: 17.196 Thread 0x00007f8152045800 nmethod 2598 0x0000000105198f90 code [0x0000000105199140, 0x0000000105199a28]
Event: 17.196 Thread 0x00007f8152045800 2599       3       java.awt.geom.AffineTransform::getTranslateX (5 bytes)
Event: 17.196 Thread 0x00007f8152045800 nmethod 2599 0x0000000105198c90 code [0x0000000105198de0, 0x0000000105198f30]
Event: 17.196 Thread 0x00007f8152045800 2600       3       java.awt.geom.AffineTransform::getTranslateY (5 bytes)
Event: 17.197 Thread 0x00007f8152045800 nmethod 2600 0x0000000105198990 code [0x0000000105198ae0, 0x0000000105198c30]
Event: 17.212 Thread 0x00007f8152045800 2601       1       sun.java2d.SurfaceData::isValid (5 bytes)
Event: 17.213 Thread 0x00007f8152045800 nmethod 2601 0x0000000105197850 code [0x00000001051979a0, 0x0000000105197ab0]
Event: 17.224 Thread 0x00007f8152045800 2602       3       sun.java2d.pipe.RenderBuffer::putFloat (26 bytes)
Event: 17.224 Thread 0x00007f8152045800 nmethod 2602 0x000000010519ac50 code [0x000000010519adc0, 0x000000010519af50]

GC Heap History (8 events):
Event: 2.895 GC heap before
{Heap before GC invocations=1 (full 0):
 PSYoungGen      total 38400K, used 33280K [0x0000000795580000, 0x0000000798000000, 0x00000007c0000000)
  eden space 33280K, 100% used [0x0000000795580000,0x0000000797600000,0x0000000797600000)
  from space 5120K, 0% used [0x0000000797b00000,0x0000000797b00000,0x0000000798000000)
  to   space 5120K, 0% used [0x0000000797600000,0x0000000797600000,0x0000000797b00000)
 ParOldGen       total 87552K, used 0K [0x0000000740000000, 0x0000000745580000, 0x0000000795580000)
  object space 87552K, 0% used [0x0000000740000000,0x0000000740000000,0x0000000745580000)
 Metaspace       used 15840K, capacity 16031K, committed 16384K, reserved 1064960K
  class space    used 1602K, capacity 1692K, committed 1792K, reserved 1048576K
Event: 2.900 GC heap after
Heap after GC invocations=1 (full 0):
 PSYoungGen      total 38400K, used 4856K [0x0000000795580000, 0x0000000798000000, 0x00000007c0000000)
  eden space 33280K, 0% used [0x0000000795580000,0x0000000795580000,0x0000000797600000)
  from space 5120K, 94% used [0x0000000797600000,0x0000000797abe270,0x0000000797b00000)
  to   space 5120K, 0% used [0x0000000797b00000,0x0000000797b00000,0x0000000798000000)
 ParOldGen       total 87552K, used 16K [0x0000000740000000, 0x0000000745580000, 0x0000000795580000)
  object space 87552K, 0% used [0x0000000740000000,0x0000000740004000,0x0000000745580000)
 Metaspace       used 15840K, capacity 16031K, committed 16384K, reserved 1064960K
  class space    used 1602K, capacity 1692K, committed 1792K, reserved 1048576K
}
Event: 5.034 GC heap before
{Heap before GC invocations=2 (full 0):
 PSYoungGen      total 38400K, used 38136K [0x0000000795580000, 0x0000000798000000, 0x00000007c0000000)
  eden space 33280K, 100% used [0x0000000795580000,0x0000000797600000,0x0000000797600000)
  from space 5120K, 94% used [0x0000000797600000,0x0000000797abe270,0x0000000797b00000)
  to   space 5120K, 0% used [0x0000000797b00000,0x0000000797b00000,0x0000000798000000)
 ParOldGen       total 87552K, used 16K [0x0000000740000000, 0x0000000745580000, 0x0000000795580000)
  object space 87552K, 0% used [0x0000000740000000,0x0000000740004000,0x0000000745580000)
 Metaspace       used 20090K, capacity 20361K, committed 20608K, reserved 1067008K
  class space    used 2016K, capacity 2109K, committed 2176K, reserved 1048576K
Event: 5.051 GC heap after
Heap after GC invocations=2 (full 0):
 PSYoungGen      total 38400K, used 5106K [0x0000000795580000, 0x0000000798000000, 0x00000007c0000000)
  eden space 33280K, 0% used [0x0000000795580000,0x0000000795580000,0x0000000797600000)
  from space 5120K, 99% used [0x0000000797b00000,0x0000000797ffcb30,0x0000000798000000)
  to   space 5120K, 0% used [0x0000000797600000,0x0000000797600000,0x0000000797b00000)
 ParOldGen       total 87552K, used 8492K [0x0000000740000000, 0x0000000745580000, 0x0000000795580000)
  object space 87552K, 9% used [0x0000000740000000,0x000000074084b150,0x0000000745580000)
 Metaspace       used 20090K, capacity 20361K, committed 20608K, reserved 1067008K
  class space    used 2016K, capacity 2109K, committed 2176K, reserved 1048576K
}
Event: 9.094 GC heap before
{Heap before GC invocations=3 (full 0):
 PSYoungGen      total 38400K, used 38386K [0x0000000795580000, 0x0000000798000000, 0x00000007c0000000)
  eden space 33280K, 100% used [0x0000000795580000,0x0000000797600000,0x0000000797600000)
  from space 5120K, 99% used [0x0000000797b00000,0x0000000797ffcb30,0x0000000798000000)
  to   space 5120K, 0% used [0x0000000797600000,0x0000000797600000,0x0000000797b00000)
 ParOldGen       total 87552K, used 8492K [0x0000000740000000, 0x0000000745580000, 0x0000000795580000)
  object space 87552K, 9% used [0x0000000740000000,0x000000074084b150,0x0000000745580000)
 Metaspace       used 20647K, capacity 20879K, committed 21120K, reserved 1069056K
  class space    used 2019K, capacity 2110K, committed 2176K, reserved 1048576K
Event: 9.102 GC heap after
Heap after GC invocations=3 (full 0):
 PSYoungGen      total 38400K, used 5106K [0x0000000795580000, 0x0000000798000000, 0x00000007c0000000)
  eden space 33280K, 0% used [0x0000000795580000,0x0000000795580000,0x0000000797600000)
  from space 5120K, 99% used [0x0000000797600000,0x0000000797afcb00,0x0000000797b00000)
  to   space 5120K, 0% used [0x0000000797b00000,0x0000000797b00000,0x0000000798000000)
 ParOldGen       total 87552K, used 12248K [0x0000000740000000, 0x0000000745580000, 0x0000000795580000)
  object space 87552K, 13% used [0x0000000740000000,0x0000000740bf62c0,0x0000000745580000)
 Metaspace       used 20647K, capacity 20879K, committed 21120K, reserved 1069056K
  class space    used 2019K, capacity 2110K, committed 2176K, reserved 1048576K
}
Event: 17.224 GC heap before
{Heap before GC invocations=4 (full 0):
 PSYoungGen      total 38400K, used 38386K [0x0000000795580000, 0x0000000798000000, 0x00000007c0000000)
  eden space 33280K, 100% used [0x0000000795580000,0x0000000797600000,0x0000000797600000)
  from space 5120K, 99% used [0x0000000797600000,0x0000000797afcb00,0x0000000797b00000)
  to   space 5120K, 0% used [0x0000000797b00000,0x0000000797b00000,0x0000000798000000)
 ParOldGen       total 87552K, used 12248K [0x0000000740000000, 0x0000000745580000, 0x0000000795580000)
  object space 87552K, 13% used [0x0000000740000000,0x0000000740bf62c0,0x0000000745580000)
 Metaspace       used 20841K, capacity 21071K, committed 21296K, reserved 1069056K
  class space    used 2026K, capacity 2110K, committed 2176K, reserved 1048576K
Event: 17.232 GC heap after
Heap after GC invocations=4 (full 0):
 PSYoungGen      total 38400K, used 5090K [0x0000000795580000, 0x0000000798000000, 0x00000007c0000000)
  eden space 33280K, 0% used [0x0000000795580000,0x0000000795580000,0x0000000797600000)
  from space 5120K, 99% used [0x0000000797b00000,0x0000000797ff8ad0,0x0000000798000000)
  to   space 5120K, 0% used [0x0000000797600000,0x0000000797600000,0x0000000797b00000)
 ParOldGen       total 87552K, used 12320K [0x0000000740000000, 0x0000000745580000, 0x0000000795580000)
  object space 87552K, 14% used [0x0000000740000000,0x0000000740c082c0,0x0000000745580000)
 Metaspace       used 20841K, capacity 21071K, committed 21296K, reserved 1069056K
  class space    used 2026K, capacity 2110K, committed 2176K, reserved 1048576K
}

Deoptimization events (10 events):
Event: 2.520 Thread 0x00007f8152c10000 Uncommon trap: reason=unstable_if action=reinterpret pc=0x0000000104c07a94 method=java.lang.String.indexOf([CII[CIII)I @ 3
Event: 2.520 Thread 0x00007f8152c10000 Uncommon trap: reason=unstable_if action=reinterpret pc=0x0000000104bc71d4 method=java.lang.String.indexOf([CII[CIII)I @ 3
Event: 2.520 Thread 0x00007f8152c10000 Uncommon trap: reason=unstable_if action=reinterpret pc=0x0000000104b3f0d8 method=java.lang.String.indexOf([CII[CIII)I @ 3
Event: 3.504 Thread 0x00007f8152c22000 Uncommon trap: reason=unstable_if action=reinterpret pc=0x0000000104b2902c method=java.lang.AbstractStringBuilder.append(Ljava/lang/String;)Ljava/lang/AbstractStringBuilder; @ 1
Event: 4.370 Thread 0x00007f8152c22000 Uncommon trap: reason=unstable_if action=reinterpret pc=0x0000000104e051bc method=com.jogamp.common.util.IntIntHashMap.get(I)I @ 28
Event: 4.446 Thread 0x00007f8152c22000 Uncommon trap: reason=unstable_if action=reinterpret pc=0x0000000104e4e668 method=processing.opengl.PGraphicsOpenGL$InGeometry.addVertex(FFFIFFFFFIFIIIFIZ)I @ 218
Event: 17.198 Thread 0x00007f8152a50000 Uncommon trap: reason=unstable_if action=reinterpret pc=0x0000000104da559c method=java.awt.font.FontRenderContext.equals(Ljava/awt/font/FontRenderContext;)Z @ 2
Event: 17.211 Thread 0x00007f8152a1f800 Uncommon trap: reason=unstable_if action=reinterpret pc=0x0000000104e834e0 method=java.util.HashMap.putVal(ILjava/lang/Object;Ljava/lang/Object;ZZ)Ljava/lang/Object; @ 81
Event: 17.211 Thread 0x00007f8152a1f800 Uncommon trap: reason=unstable_if action=reinterpret pc=0x0000000104e14ef0 method=java.util.HashMap.putVal(ILjava/lang/Object;Ljava/lang/Object;ZZ)Ljava/lang/Object; @ 81
Event: 17.223 Thread 0x00007f8152c22000 Uncommon trap: reason=unstable_if action=reinterpret pc=0x00000001051453c0 method=java.security.AccessControlContext.optimize()Ljava/security/AccessControlContext; @ 233

Internal exceptions (10 events):
Event: 0.141 Thread 0x00007f8153001000 Exception <a 'java/lang/NoSuchFieldError': method resolution failed> (0x000000079582b138) thrown at [/Users/java_re/workspace/8-2-build-macosx-x86_64/jdk8u60/4407/hotspot/src/share/vm/prims/methodHandles.cpp, line 1146]
Event: 0.144 Thread 0x00007f8153001000 Exception <a 'java/lang/NoSuchFieldError': method resolution failed> (0x0000000795838908) thrown at [/Users/java_re/workspace/8-2-build-macosx-x86_64/jdk8u60/4407/hotspot/src/share/vm/prims/methodHandles.cpp, line 1146]
Event: 0.367 Thread 0x00007f8153001000 Exception <a 'java/io/FileNotFoundException'> (0x00000007958b4648) thrown at [/Users/java_re/workspace/8-2-build-macosx-x86_64/jdk8u60/4407/hotspot/src/share/vm/prims/jni.cpp, line 709]
Event: 0.368 Thread 0x00007f8153001000 Exception <a 'java/io/FileNotFoundException'> (0x00000007958b51a8) thrown at [/Users/java_re/workspace/8-2-build-macosx-x86_64/jdk8u60/4407/hotspot/src/share/vm/prims/jni.cpp, line 709]
Event: 0.506 Thread 0x00007f8153001000 Exception <a 'java/io/FileNotFoundException'> (0x00000007959f5f30) thrown at [/Users/java_re/workspace/8-2-build-macosx-x86_64/jdk8u60/4407/hotspot/src/share/vm/prims/jni.cpp, line 709]
Event: 2.550 Thread 0x00007f8152c10000 Exception <a 'java/lang/UnsatisfiedLinkError': com.jogamp.common.util.JarUtil.fixNativeLibAttribs(Ljava/lang/String;)Z> (0x0000000796bee588) thrown at [/Users/java_re/workspace/8-2-build-macosx-x86_64/jdk8u60/4407/hotspot/src/share/vm/prims/nativeLookup.c
Event: 2.902 Thread 0x00007f8152834800 Exception <a 'java/lang/NullPointerException'> (0x00000007956a48e0) thrown at [/Users/java_re/workspace/8-2-build-macosx-x86_64/jdk8u60/4407/hotspot/src/share/vm/interpreter/linkResolver.cpp, line 1178]
Event: 3.503 Thread 0x00007f8152c22000 Exception <a 'java/io/FileNotFoundException'> (0x0000000795ee2598) thrown at [/Users/java_re/workspace/8-2-build-macosx-x86_64/jdk8u60/4407/hotspot/src/share/vm/prims/jni.cpp, line 709]
Event: 3.504 Thread 0x00007f8152c22000 Exception <a 'java/io/FileNotFoundException'> (0x0000000795eea528) thrown at [/Users/java_re/workspace/8-2-build-macosx-x86_64/jdk8u60/4407/hotspot/src/share/vm/prims/jni.cpp, line 709]
Event: 3.504 Thread 0x00007f8152c22000 Implicit null exception at 0x0000000104b28cb5 to 0x0000000104b29019

Events (10 events):
Event: 17.223 loading class java/awt/LightweightDispatcher$2 done
Event: 17.223 loading class java/awt/event/AWTEventListenerProxy
Event: 17.223 loading class java/awt/event/AWTEventListenerProxy done
Event: 17.223 loading class java/awt/Toolkit$ToolkitEventMulticaster
Event: 17.223 loading class java/awt/Toolkit$ToolkitEventMulticaster done
Event: 17.224 Thread 0x00007f8152a1f800 Thread exited: 0x00007f8152a1f800
Event: 17.224 Executing VM operation: ParallelGCFailedAllocation
Event: 17.232 Executing VM operation: ParallelGCFailedAllocation done
Event: 17.232 loading class java/awt/Window$1DisposeAction
Event: 17.232 loading class java/awt/Window$1DisposeAction done


Dynamic libraries:
0x00000000046ee000 	/System/Library/Frameworks/Cocoa.framework/Versions/A/Cocoa
0x00000000046ee000 	/System/Library/Frameworks/Security.framework/Versions/A/Security
0x00000000046ee000 	/System/Library/Frameworks/ApplicationServices.framework/Versions/A/ApplicationServices
0x00000000046ee000 	/usr/lib/libz.1.dylib
0x00000000046ee000 	/usr/lib/libSystem.B.dylib
0x00000000046ee000 	/usr/lib/libobjc.A.dylib
0x00000000046ee000 	/System/Library/Frameworks/CoreFoundation.framework/Versions/A/CoreFoundation
0x00000000046ee000 	/System/Library/Frameworks/Foundation.framework/Versions/C/Foundation
0x00000000046ee000 	/System/Library/Frameworks/AppKit.framework/Versions/C/AppKit
0x00000000046ee000 	/System/Library/Frameworks/CoreData.framework/Versions/A/CoreData
0x00000000046ee000 	/System/Library/PrivateFrameworks/RemoteViewServices.framework/Versions/A/RemoteViewServices
0x00000000046ee000 	/System/Library/PrivateFrameworks/UIFoundation.framework/Versions/A/UIFoundation
0x00000000046ee000 	/System/Library/Frameworks/IOSurface.framework/Versions/A/IOSurface
0x00000000046ee000 	/System/Library/Frameworks/AudioToolbox.framework/Versions/A/AudioToolbox
0x00000000046ee000 	/System/Library/Frameworks/AudioUnit.framework/Versions/A/AudioUnit
0x00000000046ee000 	/System/Library/PrivateFrameworks/DataDetectorsCore.framework/Versions/A/DataDetectorsCore
0x00000000046ee000 	/System/Library/PrivateFrameworks/DesktopServicesPriv.framework/Versions/A/DesktopServicesPriv
0x00000000046ee000 	/System/Library/Frameworks/Carbon.framework/Versions/A/Frameworks/HIToolbox.framework/Versions/A/HIToolbox
0x00000000046ee000 	/System/Library/Frameworks/QuartzCore.framework/Versions/A/QuartzCore
0x00000000046ee000 	/System/Library/Frameworks/Carbon.framework/Versions/A/Frameworks/SpeechRecognition.framework/Versions/A/SpeechRecognition
0x00000000046ee000 	/usr/lib/libauto.dylib
0x00000000046ee000 	/usr/lib/libicucore.A.dylib
0x00000000046ee000 	/usr/lib/libxml2.2.dylib
0x00000000046ee000 	/System/Library/PrivateFrameworks/CoreUI.framework/Versions/A/CoreUI
0x00000000046ee000 	/System/Library/Frameworks/CoreAudio.framework/Versions/A/CoreAudio
0x00000000046ee000 	/System/Library/Frameworks/DiskArbitration.framework/Versions/A/DiskArbitration
0x00000000046ee000 	/usr/lib/liblangid.dylib
0x00000000046ee000 	/System/Library/PrivateFrameworks/MultitouchSupport.framework/Versions/A/MultitouchSupport
0x00000000046ee000 	/System/Library/Frameworks/IOKit.framework/Versions/A/IOKit
0x00000000046ee000 	/usr/lib/libDiagnosticMessagesClient.dylib
0x00000000046ee000 	/System/Library/Frameworks/CoreServices.framework/Versions/A/CoreServices
0x00000000046ee000 	/System/Library/PrivateFrameworks/PerformanceAnalysis.framework/Versions/A/PerformanceAnalysis
0x00000000046ee000 	/System/Library/PrivateFrameworks/GenerationalStorage.framework/Versions/A/GenerationalStorage
0x00000000046ee000 	/System/Library/Frameworks/OpenGL.framework/Versions/A/OpenGL
0x00000000046ee000 	/System/Library/PrivateFrameworks/Sharing.framework/Versions/A/Sharing
0x00000000046ee000 	/System/Library/Frameworks/CoreGraphics.framework/Versions/A/CoreGraphics
0x00000000046ee000 	/System/Library/Frameworks/CoreText.framework/Versions/A/CoreText
0x00000000046ee000 	/System/Library/Frameworks/ImageIO.framework/Versions/A/ImageIO
0x00000000046ee000 	/usr/lib/libextension.dylib
0x00000000046ee000 	/System/Library/PrivateFrameworks/Backup.framework/Versions/A/Backup
0x00000000046ee000 	/usr/lib/libarchive.2.dylib
0x00000000046ee000 	/System/Library/Frameworks/CFNetwork.framework/Versions/A/CFNetwork
0x00000000046ee000 	/System/Library/Frameworks/SystemConfiguration.framework/Versions/A/SystemConfiguration
0x00000000046ee000 	/usr/lib/libCRFSuite.dylib
0x00000000046ee000 	/usr/lib/libc++.1.dylib
0x00000000046ee000 	/usr/lib/libc++abi.dylib
0x00000000046ee000 	/usr/lib/system/libcache.dylib
0x00000000046ee000 	/usr/lib/system/libcommonCrypto.dylib
0x00000000046ee000 	/usr/lib/system/libcompiler_rt.dylib
0x00000000046ee000 	/usr/lib/system/libcopyfile.dylib
0x00000000046ee000 	/usr/lib/system/libcorecrypto.dylib
0x00000000046ee000 	/usr/lib/system/libdispatch.dylib
0x00000000046ee000 	/usr/lib/system/libdyld.dylib
0x00000000046ee000 	/usr/lib/system/libkeymgr.dylib
0x00000000046ee000 	/usr/lib/system/liblaunch.dylib
0x00000000046ee000 	/usr/lib/system/libmacho.dylib
0x00000000046ee000 	/usr/lib/system/libquarantine.dylib
0x00000000046ee000 	/usr/lib/system/libremovefile.dylib
0x00000000046ee000 	/usr/lib/system/libsystem_asl.dylib
0x00000000046ee000 	/usr/lib/system/libsystem_blocks.dylib
0x00000000046ee000 	/usr/lib/system/libsystem_c.dylib
0x00000000046ee000 	/usr/lib/system/libsystem_configuration.dylib
0x00000000046ee000 	/usr/lib/system/libsystem_coreservices.dylib
0x00000000046ee000 	/usr/lib/system/libsystem_coretls.dylib
0x00000000046ee000 	/usr/lib/system/libsystem_dnssd.dylib
0x00000000046ee000 	/usr/lib/system/libsystem_info.dylib
0x00000000046ee000 	/usr/lib/system/libsystem_kernel.dylib
0x00000000046ee000 	/usr/lib/system/libsystem_m.dylib
0x00000000046ee000 	/usr/lib/system/libsystem_malloc.dylib
0x00000000046ee000 	/usr/lib/system/libsystem_network.dylib
0x00000000046ee000 	/usr/lib/system/libsystem_networkextension.dylib
0x00000000046ee000 	/usr/lib/system/libsystem_notify.dylib
0x00000000046ee000 	/usr/lib/system/libsystem_platform.dylib
0x00000000046ee000 	/usr/lib/system/libsystem_pthread.dylib
0x00000000046ee000 	/usr/lib/system/libsystem_sandbox.dylib
0x00000000046ee000 	/usr/lib/system/libsystem_secinit.dylib
0x00000000046ee000 	/usr/lib/system/libsystem_stats.dylib
0x00000000046ee000 	/usr/lib/system/libsystem_trace.dylib
0x00000000046ee000 	/usr/lib/system/libunc.dylib
0x00000000046ee000 	/usr/lib/system/libunwind.dylib
0x00000000046ee000 	/usr/lib/system/libxpc.dylib
0x00000000046ee000 	/usr/lib/libbz2.1.0.dylib
0x00000000046ee000 	/usr/lib/liblzma.5.dylib
0x00000000046ee000 	/usr/lib/libbsm.0.dylib
0x00000000046ee000 	/usr/lib/libsqlite3.dylib
0x00000000046ee000 	/usr/lib/system/libkxld.dylib
0x00000000046ee000 	/usr/lib/libxar.1.dylib
0x00000000046ee000 	/usr/lib/libpam.2.dylib
0x00000000046ee000 	/usr/lib/libOpenScriptingUtil.dylib
0x00000000046ee000 	/System/Library/Frameworks/CoreServices.framework/Versions/A/Frameworks/FSEvents.framework/Versions/A/FSEvents
0x00000000046ee000 	/System/Library/Frameworks/CoreServices.framework/Versions/A/Frameworks/CarbonCore.framework/Versions/A/CarbonCore
0x00000000046ee000 	/System/Library/Frameworks/CoreServices.framework/Versions/A/Frameworks/Metadata.framework/Versions/A/Metadata
0x00000000046ee000 	/System/Library/Frameworks/CoreServices.framework/Versions/A/Frameworks/OSServices.framework/Versions/A/OSServices
0x00000000046ee000 	/System/Library/Frameworks/CoreServices.framework/Versions/A/Frameworks/SearchKit.framework/Versions/A/SearchKit
0x00000000046ee000 	/System/Library/Frameworks/CoreServices.framework/Versions/A/Frameworks/AE.framework/Versions/A/AE
0x00000000046ee000 	/System/Library/Frameworks/CoreServices.framework/Versions/A/Frameworks/LaunchServices.framework/Versions/A/LaunchServices
0x00000000046ee000 	/System/Library/Frameworks/CoreServices.framework/Versions/A/Frameworks/DictionaryServices.framework/Versions/A/DictionaryServices
0x00000000046ee000 	/System/Library/Frameworks/NetFS.framework/Versions/A/NetFS
0x00000000046ee000 	/System/Library/PrivateFrameworks/NetAuth.framework/Versions/A/NetAuth
0x00000000046ee000 	/System/Library/PrivateFrameworks/login.framework/Versions/A/Frameworks/loginsupport.framework/Versions/A/loginsupport
0x00000000046ee000 	/System/Library/PrivateFrameworks/TCC.framework/Versions/A/TCC
0x00000000046ee000 	/usr/lib/libmecabra.dylib
0x00000000046ee000 	/System/Library/Frameworks/ApplicationServices.framework/Versions/A/Frameworks/ATS.framework/Versions/A/ATS
0x00000000046ee000 	/System/Library/Frameworks/ApplicationServices.framework/Versions/A/Frameworks/ColorSync.framework/Versions/A/ColorSync
0x00000000046ee000 	/System/Library/Frameworks/ApplicationServices.framework/Versions/A/Frameworks/HIServices.framework/Versions/A/HIServices
0x00000000046ee000 	/System/Library/Frameworks/ApplicationServices.framework/Versions/A/Frameworks/LangAnalysis.framework/Versions/A/LangAnalysis
0x00000000046ee000 	/System/Library/Frameworks/ApplicationServices.framework/Versions/A/Frameworks/PrintCore.framework/Versions/A/PrintCore
0x00000000046ee000 	/System/Library/Frameworks/ApplicationServices.framework/Versions/A/Frameworks/QD.framework/Versions/A/QD
0x00000000046ee000 	/System/Library/Frameworks/ApplicationServices.framework/Versions/A/Frameworks/SpeechSynthesis.framework/Versions/A/SpeechSynthesis
0x00000000046ee000 	/System/Library/Frameworks/Accelerate.framework/Versions/A/Accelerate
0x00000000046ee000 	/System/Library/Frameworks/Accelerate.framework/Versions/A/Frameworks/vImage.framework/Versions/A/vImage
0x00000000046ee000 	/System/Library/Frameworks/Accelerate.framework/Versions/A/Frameworks/vecLib.framework/Versions/A/vecLib
0x00000000046ee000 	/System/Library/Frameworks/Accelerate.framework/Versions/A/Frameworks/vecLib.framework/Versions/A/libvDSP.dylib
0x00000000046ee000 	/System/Library/Frameworks/Accelerate.framework/Versions/A/Frameworks/vecLib.framework/Versions/A/libvMisc.dylib
0x00000000046ee000 	/System/Library/Frameworks/Accelerate.framework/Versions/A/Frameworks/vecLib.framework/Versions/A/libLAPACK.dylib
0x00000000046ee000 	/System/Library/Frameworks/Accelerate.framework/Versions/A/Frameworks/vecLib.framework/Versions/A/libBLAS.dylib
0x00000000046ee000 	/System/Library/Frameworks/Accelerate.framework/Versions/A/Frameworks/vecLib.framework/Versions/A/libLinearAlgebra.dylib
0x00000000046ee000 	/System/Library/Frameworks/ApplicationServices.framework/Versions/A/Frameworks/ATS.framework/Versions/A/Resources/libFontParser.dylib
0x00000000046ee000 	/System/Library/Frameworks/ApplicationServices.framework/Versions/A/Frameworks/ATS.framework/Versions/A/Resources/libFontRegistry.dylib
0x00000000046ee000 	/System/Library/PrivateFrameworks/AppleVPA.framework/Versions/A/AppleVPA
0x00000000046ee000 	/System/Library/PrivateFrameworks/AppleJPEG.framework/Versions/A/AppleJPEG
0x00000000046ee000 	/System/Library/Frameworks/ImageIO.framework/Versions/A/Resources/libJPEG.dylib
0x00000000046ee000 	/System/Library/Frameworks/ImageIO.framework/Versions/A/Resources/libTIFF.dylib
0x00000000046ee000 	/System/Library/Frameworks/ImageIO.framework/Versions/A/Resources/libPng.dylib
0x00000000046ee000 	/System/Library/Frameworks/ImageIO.framework/Versions/A/Resources/libGIF.dylib
0x00000000046ee000 	/System/Library/Frameworks/ImageIO.framework/Versions/A/Resources/libJP2.dylib
0x00000000046ee000 	/System/Library/Frameworks/ImageIO.framework/Versions/A/Resources/libRadiance.dylib
0x00000000046ee000 	/System/Library/Frameworks/CoreVideo.framework/Versions/A/CoreVideo
0x00000000046ee000 	/System/Library/Frameworks/OpenGL.framework/Versions/A/Libraries/libGLU.dylib
0x00000000046ee000 	/System/Library/Frameworks/OpenGL.framework/Versions/A/Libraries/libGFXShared.dylib
0x00000000046ee000 	/System/Library/Frameworks/OpenGL.framework/Versions/A/Libraries/libGL.dylib
0x00000000046ee000 	/System/Library/Frameworks/OpenGL.framework/Versions/A/Libraries/libGLImage.dylib
0x00000000046ee000 	/System/Library/Frameworks/OpenGL.framework/Versions/A/Libraries/libCVMSPluginSupport.dylib
0x00000000046ee000 	/System/Library/Frameworks/OpenGL.framework/Versions/A/Libraries/libCoreVMClient.dylib
0x00000000046ee000 	/usr/lib/libcups.2.dylib
0x00000000046ee000 	/System/Library/Frameworks/Kerberos.framework/Versions/A/Kerberos
0x00000000046ee000 	/System/Library/Frameworks/GSS.framework/Versions/A/GSS
0x00000000046ee000 	/usr/lib/libresolv.9.dylib
0x00000000046ee000 	/usr/lib/libiconv.2.dylib
0x00000000046ee000 	/System/Library/PrivateFrameworks/Heimdal.framework/Versions/A/Heimdal
0x00000000046ee000 	/usr/lib/libheimdal-asn1.dylib
0x00000000046ee000 	/System/Library/Frameworks/OpenDirectory.framework/Versions/A/OpenDirectory
0x00000000046ee000 	/System/Library/PrivateFrameworks/CommonAuth.framework/Versions/A/CommonAuth
0x00000000046ee000 	/System/Library/Frameworks/OpenDirectory.framework/Versions/A/Frameworks/CFOpenDirectory.framework/Versions/A/CFOpenDirectory
0x00000000046ee000 	/System/Library/Frameworks/SecurityFoundation.framework/Versions/A/SecurityFoundation
0x00000000046ee000 	/System/Library/PrivateFrameworks/LanguageModeling.framework/Versions/A/LanguageModeling
0x00000000046ee000 	/usr/lib/libcmph.dylib
0x00000000046ee000 	/System/Library/Frameworks/ServiceManagement.framework/Versions/A/ServiceManagement
0x00000000046ee000 	/usr/lib/libxslt.1.dylib
0x00000000046ee000 	/System/Library/Frameworks/Carbon.framework/Versions/A/Frameworks/Ink.framework/Versions/A/Ink
0x00000000046ee000 	/System/Library/Frameworks/QuartzCore.framework/Versions/A/Frameworks/CoreImage.framework/Versions/A/CoreImage
0x00000000046ee000 	/System/Library/PrivateFrameworks/CrashReporterSupport.framework/Versions/A/CrashReporterSupport
0x00000000046ee000 	/System/Library/Frameworks/OpenCL.framework/Versions/A/OpenCL
0x00000000046ee000 	/System/Library/PrivateFrameworks/FaceCore.framework/Versions/A/FaceCore
0x00000000046ee000 	/System/Library/PrivateFrameworks/Ubiquity.framework/Versions/A/Ubiquity
0x00000000046ee000 	/System/Library/PrivateFrameworks/IconServices.framework/Versions/A/IconServices
0x00000000046ee000 	/System/Library/PrivateFrameworks/ChunkingLibrary.framework/Versions/A/ChunkingLibrary
0x00000000046ee000 	/System/Library/PrivateFrameworks/Apple80211.framework/Versions/A/Apple80211
0x00000000046ee000 	/System/Library/Frameworks/CoreWLAN.framework/Versions/A/CoreWLAN
0x00000000046ee000 	/System/Library/Frameworks/IOBluetooth.framework/Versions/A/IOBluetooth
0x00000000046ee000 	/System/Library/PrivateFrameworks/CoreWiFi.framework/Versions/A/CoreWiFi
0x00000000046ee000 	/System/Library/Frameworks/CoreBluetooth.framework/Versions/A/CoreBluetooth
0x00000000046ee000 	/System/Library/PrivateFrameworks/DebugSymbols.framework/Versions/A/DebugSymbols
0x00000000046ee000 	/System/Library/PrivateFrameworks/CoreSymbolication.framework/Versions/A/CoreSymbolication
0x00000000046ee000 	/System/Library/PrivateFrameworks/Symbolication.framework/Versions/A/Symbolication
0x00000000046ee000 	/System/Library/PrivateFrameworks/SpeechRecognitionCore.framework/Versions/A/SpeechRecognitionCore
0x0000000103a00000 	/Library/Java/JavaVirtualMachines/jdk1.8.0_60.jdk/Contents/Home/jre/lib/server/libjvm.dylib
0x00000000046ee000 	/usr/lib/libstdc++.6.dylib
0x000000010318b000 	/Library/Java/JavaVirtualMachines/jdk1.8.0_60.jdk/Contents/Home/jre/lib/libverify.dylib
0x0000000103199000 	/Library/Java/JavaVirtualMachines/jdk1.8.0_60.jdk/Contents/Home/jre/lib/libjava.dylib
0x00000001031d8000 	/Library/Java/JavaVirtualMachines/jdk1.8.0_60.jdk/Contents/Home/jre/lib/libzip.dylib
0x00000001031e2000 	/System/Library/Frameworks/JavaVM.framework/Frameworks/JavaRuntimeSupport.framework/JavaRuntimeSupport
0x000000011aa00000 	/System/Library/Frameworks/JavaVM.framework/Versions/A/Frameworks/JavaNativeFoundation.framework/Versions/A/JavaNativeFoundation
0x000000011aa14000 	/System/Library/Frameworks/JavaVM.framework/Versions/A/JavaVM
0x00000000046ee000 	/System/Library/Frameworks/Carbon.framework/Versions/A/Carbon
0x000000011aa20000 	/System/Library/PrivateFrameworks/JavaLaunching.framework/Versions/A/JavaLaunching
0x00000000046ee000 	/System/Library/Frameworks/Carbon.framework/Versions/A/Frameworks/CommonPanels.framework/Versions/A/CommonPanels
0x00000000046ee000 	/System/Library/Frameworks/Carbon.framework/Versions/A/Frameworks/Help.framework/Versions/A/Help
0x00000000046ee000 	/System/Library/Frameworks/Carbon.framework/Versions/A/Frameworks/ImageCapture.framework/Versions/A/ImageCapture
0x00000000046ee000 	/System/Library/Frameworks/Carbon.framework/Versions/A/Frameworks/OpenScripting.framework/Versions/A/OpenScripting
0x00000000046ee000 	/System/Library/Frameworks/Carbon.framework/Versions/A/Frameworks/Print.framework/Versions/A/Print
0x00000000046ee000 	/System/Library/Frameworks/Carbon.framework/Versions/A/Frameworks/SecurityHI.framework/Versions/A/SecurityHI
0x000000011c915000 	/Library/Java/JavaVirtualMachines/jdk1.8.0_60.jdk/Contents/Home/jre/lib/libawt.dylib
0x000000011c9bd000 	/Library/Java/JavaVirtualMachines/jdk1.8.0_60.jdk/Contents/Home/jre/lib/./libmlib_image.dylib
0x000000011ca89000 	/Library/Java/JavaVirtualMachines/jdk1.8.0_60.jdk/Contents/Home/jre/lib/libawt_lwawt.dylib
0x000000011cb3e000 	/Library/Java/JavaVirtualMachines/jdk1.8.0_60.jdk/Contents/Home/jre/lib/./libosxapp.dylib
0x00000000046ee000 	/System/Library/Frameworks/ExceptionHandling.framework/Versions/A/ExceptionHandling
0x00000000046ee000 	/System/Library/PrivateFrameworks/CoreServicesInternal.framework/Versions/A/CoreServicesInternal
0x00000000046ee000 	/System/Library/PrivateFrameworks/CloudDocs.framework/Versions/A/CloudDocs
0x00000000046ee000 	/System/Library/PrivateFrameworks/CoreDuet.framework/Versions/A/CoreDuet
0x00000000046ee000 	/System/Library/Frameworks/CloudKit.framework/Versions/A/CloudKit
0x00000000046ee000 	/System/Library/PrivateFrameworks/ProtocolBuffer.framework/Versions/A/ProtocolBuffer
0x00000000046ee000 	/System/Library/PrivateFrameworks/CoreDuetDaemonProtocol.framework/Versions/A/CoreDuetDaemonProtocol
0x00000000046ee000 	/System/Library/PrivateFrameworks/CoreDuetDebugLogging.framework/Versions/A/CoreDuetDebugLogging
0x00000000046ee000 	/System/Library/PrivateFrameworks/MMCS.framework/Versions/A/MMCS
0x00000000046ee000 	/System/Library/Frameworks/CoreLocation.framework/Versions/A/CoreLocation
0x00000000046ee000 	/System/Library/PrivateFrameworks/ProtectedCloudStorage.framework/Versions/A/ProtectedCloudStorage
0x00000000046ee000 	/System/Library/PrivateFrameworks/GeoServices.framework/Versions/A/GeoServices
0x00000000046ee000 	/System/Library/Frameworks/CoreGraphics.framework/Versions/A/Resources/libCGCMS.A.dylib
0x00000000046ee000 	/System/Library/Frameworks/CoreGraphics.framework/Versions/A/Resources/libRIP.A.dylib
0x00000000046ee000 	/System/Library/Frameworks/CoreGraphics.framework/Versions/A/Resources/libCGXType.A.dylib
0x00000000046ee000 	/System/Library/Frameworks/OpenCL.framework/Versions/A/Libraries/libcldcpuengine.dylib
0x00000000046ee000 	/System/Library/PrivateFrameworks/DiskImages.framework/Versions/A/DiskImages
0x00000000046ee000 	/System/Library/Frameworks/DiscRecording.framework/Versions/A/DiscRecording
0x00000000046ee000 	/usr/lib/libcsfde.dylib
0x00000000046ee000 	/usr/lib/libcurl.4.dylib
0x00000000046ee000 	/System/Library/PrivateFrameworks/MediaKit.framework/Versions/A/MediaKit
0x00000000046ee000 	/usr/lib/libCoreStorage.dylib
0x00000000046ee000 	/System/Library/PrivateFrameworks/EFILogin.framework/Versions/A/EFILogin
0x00000000046ee000 	/usr/lib/libutil.dylib
0x00000000046ee000 	/System/Library/PrivateFrameworks/FindMyDevice.framework/Versions/A/FindMyDevice
0x00000000046ee000 	/System/Library/Frameworks/LDAP.framework/Versions/A/LDAP
0x00000000046ee000 	/usr/lib/libsasl2.2.dylib
0x00000000046ee000 	/System/Library/PrivateFrameworks/CoreDaemon.framework/Versions/B/CoreDaemon
0x00000000046ee000 	/usr/lib/libcrypto.0.9.8.dylib
0x00000000046ee000 	/System/Library/PrivateFrameworks/AppleSRP.framework/Versions/A/AppleSRP
0x00000000046ee000 	/System/Library/PrivateFrameworks/TrustEvaluationAgent.framework/Versions/A/TrustEvaluationAgent
0x000000011fc42000 	cl_kernels
0x000000011fc44000 	/System/Library/Frameworks/OpenCL.framework/Versions/A/Libraries/ImageFormats/unorm8_bgra.dylib
0x000000011fc34000 	cl_kernels
0x00000000046ee000 	/System/Library/PrivateFrameworks/FamilyControls.framework/Versions/A/FamilyControls
0x00000000046ee000 	/System/Library/PrivateFrameworks/CommerceKit.framework/Versions/A/Frameworks/CommerceCore.framework/Versions/A/CommerceCore
0x00000000046ee000 	/System/Library/PrivateFrameworks/SystemAdministration.framework/Versions/A/SystemAdministration
0x00000000046ee000 	/System/Library/PrivateFrameworks/AppContainer.framework/Versions/A/AppContainer
0x00000000046ee000 	/System/Library/PrivateFrameworks/SecCodeWrapper.framework/Versions/A/SecCodeWrapper
0x00000000046ee000 	/System/Library/Frameworks/DirectoryService.framework/Versions/A/DirectoryService
0x00000000046ee000 	/System/Library/PrivateFrameworks/LoginUIKit.framework/Versions/A/Frameworks/LoginUICore.framework/Versions/A/LoginUICore
0x00000000046ee000 	/usr/lib/libodfde.dylib
0x00000000046ee000 	/System/Library/Frameworks/OpenGL.framework/Versions/A/Resources/GLEngine.bundle/GLEngine
0x00000000046ee000 	/System/Library/Frameworks/OpenGL.framework/Versions/A/Libraries/libGLProgrammability.dylib
0x0000000121071000 	/System/Library/Extensions/AppleIntelBDWGraphicsGLDriver.bundle/Contents/MacOS/AppleIntelBDWGraphicsGLDriver
0x00000000046ee000 	/System/Library/PrivateFrameworks/IOAccelerator.framework/Versions/A/IOAccelerator
0x00000000046ee000 	/System/Library/PrivateFrameworks/GPUSupport.framework/Versions/A/Libraries/libGPUSupportMercury.dylib
0x00000000046ee000 	/System/Library/Frameworks/OpenGL.framework/Versions/A/Resources/GLRendererFloat.bundle/GLRendererFloat
0x0000000122086000 	/Library/Java/JavaVirtualMachines/jdk1.8.0_60.jdk/Contents/Home/jre/lib/libfontmanager.dylib
0x000000012331b000 	/Library/Java/JavaVirtualMachines/jdk1.8.0_60.jdk/Contents/Home/jre/lib/libosxui.dylib
0x00000001235cb000 	/Library/Java/JavaVirtualMachines/jdk1.8.0_60.jdk/Contents/Home/jre/lib/libnet.dylib
0x0000000123375000 	/Library/Java/JavaVirtualMachines/jdk1.8.0_60.jdk/Contents/Home/jre/lib/libnio.dylib
0x00000000046ee000 	/System/Library/Frameworks/ApplicationServices.framework/Versions/A/Frameworks/ATS.framework/Versions/A/Resources/libTrueTypeScaler.dylib
0x000000016ed22000 	/private/var/folders/8w/5wpjvrhj4jndmvcbfwkzrjlc0000gn/T/jogamp_0000/file_cache/jln1216405247676731332/jln6414132212664197578/libgluegen-rt.jnilib
0x000000016ed27000 	/private/var/folders/8w/5wpjvrhj4jndmvcbfwkzrjlc0000gn/T/jogamp_0000/file_cache/jln1216405247676731332/jln6414132212664197578/libnativewindow_awt.jnilib
0x000000016ed2a000 	/Library/Java/JavaVirtualMachines/jdk1.8.0_60.jdk/Contents/Home/jre/lib/libjawt.dylib
0x000000016ed2d000 	/private/var/folders/8w/5wpjvrhj4jndmvcbfwkzrjlc0000gn/T/jogamp_0000/file_cache/jln1216405247676731332/jln6414132212664197578/libnativewindow_macosx.jnilib
0x000000017311b000 	/private/var/folders/8w/5wpjvrhj4jndmvcbfwkzrjlc0000gn/T/jogamp_0000/file_cache/jln1216405247676731332/jln6414132212664197578/libjogl_desktop.jnilib
0x0000000176c41000 	/Library/Java/JavaVirtualMachines/jdk1.8.0_60.jdk/Contents/Home/jre/lib/libt2k.dylib

VM Arguments:
jvm_args: -Djava.security.policy=java.policy.applet -Dfile.encoding=UTF-8 
java_command: sun.applet.AppletViewer module3.EarthquakeCityMap1454378160587.html
java_class_path (initial): /Users/fangrong/Documents/Coursera/java OOP/UCSDUnfoldingMaps/build:/Users/fangrong/Documents/Coursera/java OOP/UCSDUnfoldingMaps/lib/core.jar:/Users/fangrong/Documents/Coursera/java OOP/UCSDUnfoldingMaps/lib/gluegen-rt.jar:/Users/fangrong/Documents/Coursera/java OOP/UCSDUnfoldingMaps/lib/jogl-all.jar:/Users/fangrong/Documents/Coursera/java OOP/UCSDUnfoldingMaps/lib/log4j-1.2.15.jar:/Users/fangrong/Documents/Coursera/java OOP/UCSDUnfoldingMaps/lib/sqlite-jdbc-3.7.2.jar:/Users/fangrong/Documents/Coursera/java OOP/UCSDUnfoldingMaps/lib/json4processing.jar:/Users/fangrong/Documents/Coursera/java OOP/UCSDUnfoldingMaps/lib/libTUIO.jar:/Users/fangrong/Documents/Coursera/java OOP/UCSDUnfoldingMaps/lib/unfolding.0.9.7-uscd.jar
Launcher Type: SUN_STANDARD

Environment Variables:
PATH=/usr/bin:/bin:/usr/sbin:/sbin
SHELL=/bin/bash

Signal Handlers:
SIGSEGV: [libjvm.dylib+0x5a6d31], sa_mask[0]=11111111011111110111111111111111, sa_flags=SA_ONSTACK|SA_RESTART|SA_SIGINFO
SIGBUS: [libjvm.dylib+0x5a6d31], sa_mask[0]=11111111011111110111111111111111, sa_flags=SA_RESTART|SA_SIGINFO
SIGFPE: [libjvm.dylib+0x480a4c], sa_mask[0]=11111111011111110111111111111111, sa_flags=SA_RESTART|SA_SIGINFO
SIGPIPE: [libjvm.dylib+0x480a4c], sa_mask[0]=11111111011111110111111111111111, sa_flags=SA_RESTART|SA_SIGINFO
SIGXFSZ: [libjvm.dylib+0x480a4c], sa_mask[0]=11111111011111110111111111111111, sa_flags=SA_RESTART|SA_SIGINFO
SIGILL: [libjvm.dylib+0x480a4c], sa_mask[0]=11111111011111110111111111111111, sa_flags=SA_RESTART|SA_SIGINFO
SIGUSR1: SIG_DFL, sa_mask[0]=00000000000000000000000000000000, sa_flags=none
SIGUSR2: [libjvm.dylib+0x48056a], sa_mask[0]=00100000000000000000000000000000, sa_flags=SA_RESTART|SA_SIGINFO
SIGHUP: [libjvm.dylib+0x47eb41], sa_mask[0]=11111111011111110111111111111111, sa_flags=SA_RESTART|SA_SIGINFO
SIGINT: [libjvm.dylib+0x47eb41], sa_mask[0]=11111111011111110111111111111111, sa_flags=SA_RESTART|SA_SIGINFO
SIGTERM: [libjvm.dylib+0x47eb41], sa_mask[0]=11111111011111110111111111111111, sa_flags=SA_RESTART|SA_SIGINFO
SIGQUIT: [libjvm.dylib+0x47eb41], sa_mask[0]=11111111011111110111111111111111, sa_flags=SA_RESTART|SA_SIGINFO


---------------  S Y S T E M  ---------------

OS:Bsduname:Darwin 14.5.0 Darwin Kernel Version 14.5.0: Wed Jul 29 02:26:53 PDT 2015; root:xnu-2782.40.9~1/RELEASE_X86_64 x86_64
rlimit: STACK 8192k, CORE 0k, NPROC 709, NOFILE 10240, AS infinity
load average:2.25 2.15 2.12

CPU:total 4 (2 cores per cpu, 2 threads per core) family 6 model 61 stepping 4, cmov, cx8, fxsr, mmx, sse, sse2, sse3, ssse3, sse4.1, sse4.2, popcnt, avx, avx2, aes, clmul, erms, 3dnowpref, lzcnt, ht, tsc, tscinvbit, bmi1, bmi2, adx

Memory: 4k page, physical 8388608k(107056k free)

/proc/meminfo:


vm_info: Java HotSpot(TM) 64-Bit Server VM (25.60-b23) for bsd-amd64 JRE (1.8.0_60-b27), built on Aug  4 2015 10:47:24 by "java_re" with gcc 4.2.1 (Based on Apple Inc. build 5658) (LLVM build 2336.11.00)

time: Mon Feb  1 20:56:17 2016
elapsed time: 17 seconds (0d 0h 0m 17s)

